[33mThe CJS build of Vite's Node API is deprecated. See https://vite.dev/guide/troubleshooting.html#vite-cjs-node-api-deprecated for more details.[39m
(node:11356) [MODULE_TYPELESS_PACKAGE_JSON] Warning: Module type of file:///D:/ScriptWeaver/postcss.config.js is not specified and it doesn't parse as CommonJS.
Reparsing as ES module because module syntax was detected. This incurs a performance overhead.
To eliminate this warning, add "type": "module" to D:\ScriptWeaver\package.json.
(Use `node --trace-warnings ...` to show where the warning was created)
[15124:0714/040452.097:ERROR:CONSOLE(1)] "Request Autofill.enable failed. {"code":-32601,"message":"'Autofill.enable' wasn't found"}", source: devtools://devtools/bundled/core/protocol_client/protocol_client.js (1)
[15124:0714/040452.099:ERROR:CONSOLE(1)] "Request Autofill.setAddresses failed. {"code":-32601,"message":"'Autofill.setAddresses' wasn't found"}", source: devtools://devtools/bundled/core/protocol_client/protocol_client.js (1)
[2m04:28:33[22m [31m[1m[vite][22m[39m [31mInternal server error: D:\ScriptWeaver\src\components\layout\AssetManager.tsx: Unterminated JSX contents. (357:10)

[0m [90m 355 |[31m         }
 [90m 356 |[31m       [33m/[31m[33m>[31m
[31m[1m>[22m[31m[90m 357 |[31m     [33m<[31m[33m/[31m[33mdiv[31m[33m>[31m
 [90m     |[31m           [31m[1m^[22m[31m
 [90m 358 |[31m   )
 [90m 359 |[31m }
 [90m 360 |[31m[0m[39m
  Plugin: [35mvite:react-babel[39m
  File: [36mD:/ScriptWeaver/src/components/layout/AssetManager.tsx[39m:357:10
      at constructor (D:\ScriptWeaver\node_modules\@babel\parser\lib\index.js:365:19)
      at TypeScriptParserMixin.raise (D:\ScriptWeaver\node_modules\@babel\parser\lib\index.js:6616:19)
      at TypeScriptParserMixin.jsxReadToken (D:\ScriptWeaver\node_modules\@babel\parser\lib\index.js:4460:20)
      at TypeScriptParserMixin.getTokenFromCode (D:\ScriptWeaver\node_modules\@babel\parser\lib\index.js:4786:12)
      at TypeScriptParserMixin.getTokenFromCode (D:\ScriptWeaver\node_modules\@babel\parser\lib\index.js:10004:11)
      at TypeScriptParserMixin.nextToken (D:\ScriptWeaver\node_modules\@babel\parser\lib\index.js:5799:10)
      at TypeScriptParserMixin.next (D:\ScriptWeaver\node_modules\@babel\parser\lib\index.js:5709:10)
      at TypeScriptParserMixin.eat (D:\ScriptWeaver\node_modules\@babel\parser\lib\index.js:5713:12)
      at TypeScriptParserMixin.expect (D:\ScriptWeaver\node_modules\@babel\parser\lib\index.js:6915:15)
      at TypeScriptParserMixin.jsxParseClosingElementAt (D:\ScriptWeaver\node_modules\@babel\parser\lib\index.js:4692:10)
      at TypeScriptParserMixin.jsxParseElementAt (D:\ScriptWeaver\node_modules\@babel\parser\lib\index.js:4707:37)
      at TypeScriptParserMixin.jsxParseElementAt (D:\ScriptWeaver\node_modules\@babel\parser\lib\index.js:4710:32)
      at TypeScriptParserMixin.jsxParseElement (D:\ScriptWeaver\node_modules\@babel\parser\lib\index.js:4761:17)
      at TypeScriptParserMixin.parseExprAtom (D:\ScriptWeaver\node_modules\@babel\parser\lib\index.js:4771:19)
      at TypeScriptParserMixin.parseExprSubscripts (D:\ScriptWeaver\node_modules\@babel\parser\lib\index.js:11098:23)
      at TypeScriptParserMixin.parseUpdate (D:\ScriptWeaver\node_modules\@babel\parser\lib\index.js:11083:21)
      at TypeScriptParserMixin.parseMaybeUnary (D:\ScriptWeaver\node_modules\@babel\parser\lib\index.js:11063:23)
      at TypeScriptParserMixin.parseMaybeUnary (D:\ScriptWeaver\node_modules\@babel\parser\lib\index.js:9854:18)
      at TypeScriptParserMixin.parseMaybeUnaryOrPrivate (D:\ScriptWeaver\node_modules\@babel\parser\lib\index.js:10916:61)
      at TypeScriptParserMixin.parseExprOps (D:\ScriptWeaver\node_modules\@babel\parser\lib\index.js:10921:23)
      at TypeScriptParserMixin.parseMaybeConditional (D:\ScriptWeaver\node_modules\@babel\parser\lib\index.js:10898:23)
      at TypeScriptParserMixin.parseMaybeAssign (D:\ScriptWeaver\node_modules\@babel\parser\lib\index.js:10848:21)
      at D:\ScriptWeaver\node_modules\@babel\parser\lib\index.js:9792:39
      at TypeScriptParserMixin.tryParse (D:\ScriptWeaver\node_modules\@babel\parser\lib\index.js:6924:20)
      at TypeScriptParserMixin.parseMaybeAssign (D:\ScriptWeaver\node_modules\@babel\parser\lib\index.js:9792:18)
      at D:\ScriptWeaver\node_modules\@babel\parser\lib\index.js:10817:39
      at TypeScriptParserMixin.allowInAnd (D:\ScriptWeaver\node_modules\@babel\parser\lib\index.js:12443:12)
      at TypeScriptParserMixin.parseMaybeAssignAllowIn (D:\ScriptWeaver\node_modules\@babel\parser\lib\index.js:10817:17)
      at TypeScriptParserMixin.parseMaybeAssignAllowInOrVoidPattern (D:\ScriptWeaver\node_modules\@babel\parser\lib\index.js:12510:17)
      at TypeScriptParserMixin.parseParenAndDistinguishExpression (D:\ScriptWeaver\node_modules\@babel\parser\lib\index.js:11692:28)
      at TypeScriptParserMixin.parseExprAtom (D:\ScriptWeaver\node_modules\@babel\parser\lib\index.js:11348:23)
      at TypeScriptParserMixin.parseExprAtom (D:\ScriptWeaver\node_modules\@babel\parser\lib\index.js:4776:20)
      at TypeScriptParserMixin.parseExprSubscripts (D:\ScriptWeaver\node_modules\@babel\parser\lib\index.js:11098:23)
      at TypeScriptParserMixin.parseUpdate (D:\ScriptWeaver\node_modules\@babel\parser\lib\index.js:11083:21)
      at TypeScriptParserMixin.parseMaybeUnary (D:\ScriptWeaver\node_modules\@babel\parser\lib\index.js:11063:23)
      at TypeScriptParserMixin.parseMaybeUnary (D:\ScriptWeaver\node_modules\@babel\parser\lib\index.js:9854:18)
      at TypeScriptParserMixin.parseMaybeUnaryOrPrivate (D:\ScriptWeaver\node_modules\@babel\parser\lib\index.js:10916:61)
      at TypeScriptParserMixin.parseExprOps (D:\ScriptWeaver\node_modules\@babel\parser\lib\index.js:10921:23)
      at TypeScriptParserMixin.parseMaybeConditional (D:\ScriptWeaver\node_modules\@babel\parser\lib\index.js:10898:23)
      at TypeScriptParserMixin.parseMaybeAssign (D:\ScriptWeaver\node_modules\@babel\parser\lib\index.js:10848:21)
      at TypeScriptParserMixin.parseMaybeAssign (D:\ScriptWeaver\node_modules\@babel\parser\lib\index.js:9803:20)
      at TypeScriptParserMixin.parseExpressionBase (D:\ScriptWeaver\node_modules\@babel\parser\lib\index.js:10801:23)
      at D:\ScriptWeaver\node_modules\@babel\parser\lib\index.js:10797:39
      at TypeScriptParserMixin.allowInAnd (D:\ScriptWeaver\node_modules\@babel\parser\lib\index.js:12438:16)
      at TypeScriptParserMixin.parseExpression (D:\ScriptWeaver\node_modules\@babel\parser\lib\index.js:10797:17)
      at TypeScriptParserMixin.parseReturnStatement (D:\ScriptWeaver\node_modules\@babel\parser\lib\index.js:13159:28)
      at TypeScriptParserMixin.parseStatementContent (D:\ScriptWeaver\node_modules\@babel\parser\lib\index.js:12815:21)
      at TypeScriptParserMixin.parseStatementContent (D:\ScriptWeaver\node_modules\@babel\parser\lib\index.js:9525:18)
      at TypeScriptParserMixin.parseStatementLike (D:\ScriptWeaver\node_modules\@babel\parser\lib\index.js:12784:17)
      at TypeScriptParserMixin.parseStatementListItem (D:\ScriptWeaver\node_modules\@babel\parser\lib\index.js:12764:17)
[2m04:28:33[22m [31m[1m[vite][22m[39m [31mInternal server error: D:\ScriptWeaver\src\components\layout\AssetManager.tsx: Unterminated JSX contents. (357:10)

[0m [90m 355 |[31m         }
 [90m 356 |[31m       [33m/[31m[33m>[31m
[31m[1m>[22m[31m[90m 357 |[31m     [33m<[31m[33m/[31m[33mdiv[31m[33m>[31m
 [90m     |[31m           [31m[1m^[22m[31m
 [90m 358 |[31m   )
 [90m 359 |[31m }
 [90m 360 |[31m[0m[39m
  Plugin: [35mvite:react-babel[39m
  File: [36mD:/ScriptWeaver/src/components/layout/AssetManager.tsx[39m:357:10
      at constructor (D:\ScriptWeaver\node_modules\@babel\parser\lib\index.js:365:19)
      at TypeScriptParserMixin.raise (D:\ScriptWeaver\node_modules\@babel\parser\lib\index.js:6616:19)
      at TypeScriptParserMixin.jsxReadToken (D:\ScriptWeaver\node_modules\@babel\parser\lib\index.js:4460:20)
      at TypeScriptParserMixin.getTokenFromCode (D:\ScriptWeaver\node_modules\@babel\parser\lib\index.js:4786:12)
      at TypeScriptParserMixin.getTokenFromCode (D:\ScriptWeaver\node_modules\@babel\parser\lib\index.js:10004:11)
      at TypeScriptParserMixin.nextToken (D:\ScriptWeaver\node_modules\@babel\parser\lib\index.js:5799:10)
      at TypeScriptParserMixin.next (D:\ScriptWeaver\node_modules\@babel\parser\lib\index.js:5709:10)
      at TypeScriptParserMixin.eat (D:\ScriptWeaver\node_modules\@babel\parser\lib\index.js:5713:12)
      at TypeScriptParserMixin.expect (D:\ScriptWeaver\node_modules\@babel\parser\lib\index.js:6915:15)
      at TypeScriptParserMixin.jsxParseClosingElementAt (D:\ScriptWeaver\node_modules\@babel\parser\lib\index.js:4692:10)
      at TypeScriptParserMixin.jsxParseElementAt (D:\ScriptWeaver\node_modules\@babel\parser\lib\index.js:4707:37)
      at TypeScriptParserMixin.jsxParseElementAt (D:\ScriptWeaver\node_modules\@babel\parser\lib\index.js:4710:32)
      at TypeScriptParserMixin.jsxParseElement (D:\ScriptWeaver\node_modules\@babel\parser\lib\index.js:4761:17)
      at TypeScriptParserMixin.parseExprAtom (D:\ScriptWeaver\node_modules\@babel\parser\lib\index.js:4771:19)
      at TypeScriptParserMixin.parseExprSubscripts (D:\ScriptWeaver\node_modules\@babel\parser\lib\index.js:11098:23)
      at TypeScriptParserMixin.parseUpdate (D:\ScriptWeaver\node_modules\@babel\parser\lib\index.js:11083:21)
      at TypeScriptParserMixin.parseMaybeUnary (D:\ScriptWeaver\node_modules\@babel\parser\lib\index.js:11063:23)
      at TypeScriptParserMixin.parseMaybeUnary (D:\ScriptWeaver\node_modules\@babel\parser\lib\index.js:9854:18)
      at TypeScriptParserMixin.parseMaybeUnaryOrPrivate (D:\ScriptWeaver\node_modules\@babel\parser\lib\index.js:10916:61)
      at TypeScriptParserMixin.parseExprOps (D:\ScriptWeaver\node_modules\@babel\parser\lib\index.js:10921:23)
      at TypeScriptParserMixin.parseMaybeConditional (D:\ScriptWeaver\node_modules\@babel\parser\lib\index.js:10898:23)
      at TypeScriptParserMixin.parseMaybeAssign (D:\ScriptWeaver\node_modules\@babel\parser\lib\index.js:10848:21)
      at D:\ScriptWeaver\node_modules\@babel\parser\lib\index.js:9792:39
      at TypeScriptParserMixin.tryParse (D:\ScriptWeaver\node_modules\@babel\parser\lib\index.js:6924:20)
      at TypeScriptParserMixin.parseMaybeAssign (D:\ScriptWeaver\node_modules\@babel\parser\lib\index.js:9792:18)
      at D:\ScriptWeaver\node_modules\@babel\parser\lib\index.js:10817:39
      at TypeScriptParserMixin.allowInAnd (D:\ScriptWeaver\node_modules\@babel\parser\lib\index.js:12443:12)
      at TypeScriptParserMixin.parseMaybeAssignAllowIn (D:\ScriptWeaver\node_modules\@babel\parser\lib\index.js:10817:17)
      at TypeScriptParserMixin.parseMaybeAssignAllowInOrVoidPattern (D:\ScriptWeaver\node_modules\@babel\parser\lib\index.js:12510:17)
      at TypeScriptParserMixin.parseParenAndDistinguishExpression (D:\ScriptWeaver\node_modules\@babel\parser\lib\index.js:11692:28)
      at TypeScriptParserMixin.parseExprAtom (D:\ScriptWeaver\node_modules\@babel\parser\lib\index.js:11348:23)
      at TypeScriptParserMixin.parseExprAtom (D:\ScriptWeaver\node_modules\@babel\parser\lib\index.js:4776:20)
      at TypeScriptParserMixin.parseExprSubscripts (D:\ScriptWeaver\node_modules\@babel\parser\lib\index.js:11098:23)
      at TypeScriptParserMixin.parseUpdate (D:\ScriptWeaver\node_modules\@babel\parser\lib\index.js:11083:21)
      at TypeScriptParserMixin.parseMaybeUnary (D:\ScriptWeaver\node_modules\@babel\parser\lib\index.js:11063:23)
      at TypeScriptParserMixin.parseMaybeUnary (D:\ScriptWeaver\node_modules\@babel\parser\lib\index.js:9854:18)
      at TypeScriptParserMixin.parseMaybeUnaryOrPrivate (D:\ScriptWeaver\node_modules\@babel\parser\lib\index.js:10916:61)
      at TypeScriptParserMixin.parseExprOps (D:\ScriptWeaver\node_modules\@babel\parser\lib\index.js:10921:23)
      at TypeScriptParserMixin.parseMaybeConditional (D:\ScriptWeaver\node_modules\@babel\parser\lib\index.js:10898:23)
      at TypeScriptParserMixin.parseMaybeAssign (D:\ScriptWeaver\node_modules\@babel\parser\lib\index.js:10848:21)
      at TypeScriptParserMixin.parseMaybeAssign (D:\ScriptWeaver\node_modules\@babel\parser\lib\index.js:9803:20)
      at TypeScriptParserMixin.parseExpressionBase (D:\ScriptWeaver\node_modules\@babel\parser\lib\index.js:10801:23)
      at D:\ScriptWeaver\node_modules\@babel\parser\lib\index.js:10797:39
      at TypeScriptParserMixin.allowInAnd (D:\ScriptWeaver\node_modules\@babel\parser\lib\index.js:12438:16)
      at TypeScriptParserMixin.parseExpression (D:\ScriptWeaver\node_modules\@babel\parser\lib\index.js:10797:17)
      at TypeScriptParserMixin.parseReturnStatement (D:\ScriptWeaver\node_modules\@babel\parser\lib\index.js:13159:28)
      at TypeScriptParserMixin.parseStatementContent (D:\ScriptWeaver\node_modules\@babel\parser\lib\index.js:12815:21)
      at TypeScriptParserMixin.parseStatementContent (D:\ScriptWeaver\node_modules\@babel\parser\lib\index.js:9525:18)
      at TypeScriptParserMixin.parseStatementLike (D:\ScriptWeaver\node_modules\@babel\parser\lib\index.js:12784:17)
      at TypeScriptParserMixin.parseStatementListItem (D:\ScriptWeaver\node_modules\@babel\parser\lib\index.js:12764:17)
[2m04:28:35[22m [31m[1m[vite][22m[39m [31mInternal server error: D:\ScriptWeaver\src\components\layout\CharacterManager.tsx: Unexpected token (368:0)

[0m [90m 366 |[31m   onChange[33m,[31m
 [90m 367 |[31m   readOnly[33m,[31m
[31m[1m>[22m[31m[90m 368 |[31m }[33m:[31m {
 [90m     |[31m [31m[1m^[22m[31m
 [90m 369 |[31m   label[33m:[31m string
 [90m 370 |[31m   value[33m:[31m string
 [90m 371 |[31m   onChange[33m?[31m[33m:[31m (v[33m:[31m string) [33m=>[31m [36mvoid[31m[0m[39m
  Plugin: [35mvite:react-babel[39m
  File: [36mD:/ScriptWeaver/src/components/layout/CharacterManager.tsx[39m:368:0
[33m  380|          onChange={(e) => onChange?.(e.target.value)}
  381|          className={readOnly ? 'text-fg-faint' : ''}
  382|        />
     |   ^
  383|      </div>
  384|    )[39m
      at constructor (D:\ScriptWeaver\node_modules\@babel\parser\lib\index.js:365:19)
      at TypeScriptParserMixin.raise (D:\ScriptWeaver\node_modules\@babel\parser\lib\index.js:6616:19)
      at TypeScriptParserMixin.unexpected (D:\ScriptWeaver\node_modules\@babel\parser\lib\index.js:6636:16)
      at TypeScriptParserMixin.parseExprAtom (D:\ScriptWeaver\node_modules\@babel\parser\lib\index.js:11459:22)
      at TypeScriptParserMixin.parseExprAtom (D:\ScriptWeaver\node_modules\@babel\parser\lib\index.js:4776:20)
      at TypeScriptParserMixin.parseExprSubscripts (D:\ScriptWeaver\node_modules\@babel\parser\lib\index.js:11098:23)
      at TypeScriptParserMixin.parseUpdate (D:\ScriptWeaver\node_modules\@babel\parser\lib\index.js:11083:21)
      at TypeScriptParserMixin.parseMaybeUnary (D:\ScriptWeaver\node_modules\@babel\parser\lib\index.js:11063:23)
      at TypeScriptParserMixin.parseMaybeUnary (D:\ScriptWeaver\node_modules\@babel\parser\lib\index.js:9854:18)
      at TypeScriptParserMixin.parseMaybeUnaryOrPrivate (D:\ScriptWeaver\node_modules\@babel\parser\lib\index.js:10916:61)
      at TypeScriptParserMixin.parseExprOps (D:\ScriptWeaver\node_modules\@babel\parser\lib\index.js:10921:23)
      at TypeScriptParserMixin.parseMaybeConditional (D:\ScriptWeaver\node_modules\@babel\parser\lib\index.js:10898:23)
      at TypeScriptParserMixin.parseMaybeAssign (D:\ScriptWeaver\node_modules\@babel\parser\lib\index.js:10848:21)
      at TypeScriptParserMixin.parseMaybeAssign (D:\ScriptWeaver\node_modules\@babel\parser\lib\index.js:9803:20)
      at TypeScriptParserMixin.parseExpressionBase (D:\ScriptWeaver\node_modules\@babel\parser\lib\index.js:10806:36)
      at D:\ScriptWeaver\node_modules\@babel\parser\lib\index.js:10797:39
      at TypeScriptParserMixin.allowInAnd (D:\ScriptWeaver\node_modules\@babel\parser\lib\index.js:12443:12)
      at TypeScriptParserMixin.parseExpression (D:\ScriptWeaver\node_modules\@babel\parser\lib\index.js:10797:17)
      at TypeScriptParserMixin.jsxParseExpressionContainer (D:\ScriptWeaver\node_modules\@babel\parser\lib\index.js:4644:31)
      at TypeScriptParserMixin.jsxParseElementAt (D:\ScriptWeaver\node_modules\@babel\parser\lib\index.js:4723:36)
      at TypeScriptParserMixin.jsxParseElement (D:\ScriptWeaver\node_modules\@babel\parser\lib\index.js:4761:17)
      at TypeScriptParserMixin.parseExprAtom (D:\ScriptWeaver\node_modules\@babel\parser\lib\index.js:4771:19)
      at TypeScriptParserMixin.parseExprSubscripts (D:\ScriptWeaver\node_modules\@babel\parser\lib\index.js:11098:23)
      at TypeScriptParserMixin.parseUpdate (D:\ScriptWeaver\node_modules\@babel\parser\lib\index.js:11083:21)
      at TypeScriptParserMixin.parseMaybeUnary (D:\ScriptWeaver\node_modules\@babel\parser\lib\index.js:11063:23)
      at TypeScriptParserMixin.parseMaybeUnary (D:\ScriptWeaver\node_modules\@babel\parser\lib\index.js:9854:18)
      at TypeScriptParserMixin.parseMaybeUnaryOrPrivate (D:\ScriptWeaver\node_modules\@babel\parser\lib\index.js:10916:61)
      at TypeScriptParserMixin.parseExprOps (D:\ScriptWeaver\node_modules\@babel\parser\lib\index.js:10921:23)
      at TypeScriptParserMixin.parseMaybeConditional (D:\ScriptWeaver\node_modules\@babel\parser\lib\index.js:10898:23)
      at TypeScriptParserMixin.parseMaybeAssign (D:\ScriptWeaver\node_modules\@babel\parser\lib\index.js:10848:21)
      at D:\ScriptWeaver\node_modules\@babel\parser\lib\index.js:9792:39
      at TypeScriptParserMixin.tryParse (D:\ScriptWeaver\node_modules\@babel\parser\lib\index.js:6924:20)
      at TypeScriptParserMixin.parseMaybeAssign (D:\ScriptWeaver\node_modules\@babel\parser\lib\index.js:9792:18)
      at D:\ScriptWeaver\node_modules\@babel\parser\lib\index.js:10817:39
      at TypeScriptParserMixin.allowInAnd (D:\ScriptWeaver\node_modules\@babel\parser\lib\index.js:12443:12)
      at TypeScriptParserMixin.parseMaybeAssignAllowIn (D:\ScriptWeaver\node_modules\@babel\parser\lib\index.js:10817:17)
      at TypeScriptParserMixin.parseMaybeAssignAllowInOrVoidPattern (D:\ScriptWeaver\node_modules\@babel\parser\lib\index.js:12510:17)
      at TypeScriptParserMixin.parseParenAndDistinguishExpression (D:\ScriptWeaver\node_modules\@babel\parser\lib\index.js:11692:28)
      at TypeScriptParserMixin.parseExprAtom (D:\ScriptWeaver\node_modules\@babel\parser\lib\index.js:11348:23)
      at TypeScriptParserMixin.parseExprAtom (D:\ScriptWeaver\node_modules\@babel\parser\lib\index.js:4776:20)
      at TypeScriptParserMixin.parseExprSubscripts (D:\ScriptWeaver\node_modules\@babel\parser\lib\index.js:11098:23)
      at TypeScriptParserMixin.parseUpdate (D:\ScriptWeaver\node_modules\@babel\parser\lib\index.js:11083:21)
      at TypeScriptParserMixin.parseMaybeUnary (D:\ScriptWeaver\node_modules\@babel\parser\lib\index.js:11063:23)
      at TypeScriptParserMixin.parseMaybeUnary (D:\ScriptWeaver\node_modules\@babel\parser\lib\index.js:9854:18)
      at TypeScriptParserMixin.parseMaybeUnaryOrPrivate (D:\ScriptWeaver\node_modules\@babel\parser\lib\index.js:10916:61)
      at TypeScriptParserMixin.parseExprOps (D:\ScriptWeaver\node_modules\@babel\parser\lib\index.js:10921:23)
      at TypeScriptParserMixin.parseMaybeConditional (D:\ScriptWeaver\node_modules\@babel\parser\lib\index.js:10898:23)
      at TypeScriptParserMixin.parseMaybeAssign (D:\ScriptWeaver\node_modules\@babel\parser\lib\index.js:10848:21)
      at TypeScriptParserMixin.parseMaybeAssign (D:\ScriptWeaver\node_modules\@babel\parser\lib\index.js:9803:20)
      at TypeScriptParserMixin.parseExpressionBase (D:\ScriptWeaver\node_modules\@babel\parser\lib\index.js:10801:23)
[2m04:28:35[22m [31m[1m[vite][22m[39m [31mInternal server error: D:\ScriptWeaver\src\components\layout\CharacterManager.tsx: Unexpected token (368:0)

[0m [90m 366 |[31m   onChange[33m,[31m
 [90m 367 |[31m   readOnly[33m,[31m
[31m[1m>[22m[31m[90m 368 |[31m }[33m:[31m {
 [90m     |[31m [31m[1m^[22m[31m
 [90m 369 |[31m   label[33m:[31m string
 [90m 370 |[31m   value[33m:[31m string
 [90m 371 |[31m   onChange[33m?[31m[33m:[31m (v[33m:[31m string) [33m=>[31m [36mvoid[31m[0m[39m
  Plugin: [35mvite:react-babel[39m
  File: [36mD:/ScriptWeaver/src/components/layout/CharacterManager.tsx[39m:368:0
[33m  380|          onChange={(e) => onChange?.(e.target.value)}
  381|          className={readOnly ? 'text-fg-faint' : ''}
  382|        />
     |   ^
  383|      </div>
  384|    )[39m
      at constructor (D:\ScriptWeaver\node_modules\@babel\parser\lib\index.js:365:19)
      at TypeScriptParserMixin.raise (D:\ScriptWeaver\node_modules\@babel\parser\lib\index.js:6616:19)
      at TypeScriptParserMixin.unexpected (D:\ScriptWeaver\node_modules\@babel\parser\lib\index.js:6636:16)
      at TypeScriptParserMixin.parseExprAtom (D:\ScriptWeaver\node_modules\@babel\parser\lib\index.js:11459:22)
      at TypeScriptParserMixin.parseExprAtom (D:\ScriptWeaver\node_modules\@babel\parser\lib\index.js:4776:20)
      at TypeScriptParserMixin.parseExprSubscripts (D:\ScriptWeaver\node_modules\@babel\parser\lib\index.js:11098:23)
      at TypeScriptParserMixin.parseUpdate (D:\ScriptWeaver\node_modules\@babel\parser\lib\index.js:11083:21)
      at TypeScriptParserMixin.parseMaybeUnary (D:\ScriptWeaver\node_modules\@babel\parser\lib\index.js:11063:23)
      at TypeScriptParserMixin.parseMaybeUnary (D:\ScriptWeaver\node_modules\@babel\parser\lib\index.js:9854:18)
      at TypeScriptParserMixin.parseMaybeUnaryOrPrivate (D:\ScriptWeaver\node_modules\@babel\parser\lib\index.js:10916:61)
      at TypeScriptParserMixin.parseExprOps (D:\ScriptWeaver\node_modules\@babel\parser\lib\index.js:10921:23)
      at TypeScriptParserMixin.parseMaybeConditional (D:\ScriptWeaver\node_modules\@babel\parser\lib\index.js:10898:23)
      at TypeScriptParserMixin.parseMaybeAssign (D:\ScriptWeaver\node_modules\@babel\parser\lib\index.js:10848:21)
      at TypeScriptParserMixin.parseMaybeAssign (D:\ScriptWeaver\node_modules\@babel\parser\lib\index.js:9803:20)
      at TypeScriptParserMixin.parseExpressionBase (D:\ScriptWeaver\node_modules\@babel\parser\lib\index.js:10806:36)
      at D:\ScriptWeaver\node_modules\@babel\parser\lib\index.js:10797:39
      at TypeScriptParserMixin.allowInAnd (D:\ScriptWeaver\node_modules\@babel\parser\lib\index.js:12443:12)
      at TypeScriptParserMixin.parseExpression (D:\ScriptWeaver\node_modules\@babel\parser\lib\index.js:10797:17)
      at TypeScriptParserMixin.jsxParseExpressionContainer (D:\ScriptWeaver\node_modules\@babel\parser\lib\index.js:4644:31)
      at TypeScriptParserMixin.jsxParseElementAt (D:\ScriptWeaver\node_modules\@babel\parser\lib\index.js:4723:36)
      at TypeScriptParserMixin.jsxParseElement (D:\ScriptWeaver\node_modules\@babel\parser\lib\index.js:4761:17)
      at TypeScriptParserMixin.parseExprAtom (D:\ScriptWeaver\node_modules\@babel\parser\lib\index.js:4771:19)
      at TypeScriptParserMixin.parseExprSubscripts (D:\ScriptWeaver\node_modules\@babel\parser\lib\index.js:11098:23)
      at TypeScriptParserMixin.parseUpdate (D:\ScriptWeaver\node_modules\@babel\parser\lib\index.js:11083:21)
      at TypeScriptParserMixin.parseMaybeUnary (D:\ScriptWeaver\node_modules\@babel\parser\lib\index.js:11063:23)
      at TypeScriptParserMixin.parseMaybeUnary (D:\ScriptWeaver\node_modules\@babel\parser\lib\index.js:9854:18)
      at TypeScriptParserMixin.parseMaybeUnaryOrPrivate (D:\ScriptWeaver\node_modules\@babel\parser\lib\index.js:10916:61)
      at TypeScriptParserMixin.parseExprOps (D:\ScriptWeaver\node_modules\@babel\parser\lib\index.js:10921:23)
      at TypeScriptParserMixin.parseMaybeConditional (D:\ScriptWeaver\node_modules\@babel\parser\lib\index.js:10898:23)
      at TypeScriptParserMixin.parseMaybeAssign (D:\ScriptWeaver\node_modules\@babel\parser\lib\index.js:10848:21)
      at D:\ScriptWeaver\node_modules\@babel\parser\lib\index.js:9792:39
      at TypeScriptParserMixin.tryParse (D:\ScriptWeaver\node_modules\@babel\parser\lib\index.js:6924:20)
      at TypeScriptParserMixin.parseMaybeAssign (D:\ScriptWeaver\node_modules\@babel\parser\lib\index.js:9792:18)
      at D:\ScriptWeaver\node_modules\@babel\parser\lib\index.js:10817:39
      at TypeScriptParserMixin.allowInAnd (D:\ScriptWeaver\node_modules\@babel\parser\lib\index.js:12443:12)
      at TypeScriptParserMixin.parseMaybeAssignAllowIn (D:\ScriptWeaver\node_modules\@babel\parser\lib\index.js:10817:17)
      at TypeScriptParserMixin.parseMaybeAssignAllowInOrVoidPattern (D:\ScriptWeaver\node_modules\@babel\parser\lib\index.js:12510:17)
      at TypeScriptParserMixin.parseParenAndDistinguishExpression (D:\ScriptWeaver\node_modules\@babel\parser\lib\index.js:11692:28)
      at TypeScriptParserMixin.parseExprAtom (D:\ScriptWeaver\node_modules\@babel\parser\lib\index.js:11348:23)
      at TypeScriptParserMixin.parseExprAtom (D:\ScriptWeaver\node_modules\@babel\parser\lib\index.js:4776:20)
      at TypeScriptParserMixin.parseExprSubscripts (D:\ScriptWeaver\node_modules\@babel\parser\lib\index.js:11098:23)
      at TypeScriptParserMixin.parseUpdate (D:\ScriptWeaver\node_modules\@babel\parser\lib\index.js:11083:21)
      at TypeScriptParserMixin.parseMaybeUnary (D:\ScriptWeaver\node_modules\@babel\parser\lib\index.js:11063:23)
      at TypeScriptParserMixin.parseMaybeUnary (D:\ScriptWeaver\node_modules\@babel\parser\lib\index.js:9854:18)
      at TypeScriptParserMixin.parseMaybeUnaryOrPrivate (D:\ScriptWeaver\node_modules\@babel\parser\lib\index.js:10916:61)
      at TypeScriptParserMixin.parseExprOps (D:\ScriptWeaver\node_modules\@babel\parser\lib\index.js:10921:23)
      at TypeScriptParserMixin.parseMaybeConditional (D:\ScriptWeaver\node_modules\@babel\parser\lib\index.js:10898:23)
      at TypeScriptParserMixin.parseMaybeAssign (D:\ScriptWeaver\node_modules\@babel\parser\lib\index.js:10848:21)
      at TypeScriptParserMixin.parseMaybeAssign (D:\ScriptWeaver\node_modules\@babel\parser\lib\index.js:9803:20)
      at TypeScriptParserMixin.parseExpressionBase (D:\ScriptWeaver\node_modules\@babel\parser\lib\index.js:10801:23)
[2m04:28:35[22m [31m[1m[vite][22m[39m [31mInternal server error: D:\ScriptWeaver\src\components\layout\CharacterManager.tsx: Unexpected token, expected "," (336:6)

[0m [90m 334 |[31m       [33m<[31m[33m/[31m[33mdiv[31m[33m>[31m
 [90m 335 |[31m
[31m[1m>[22m[31m[90m 336 |[31m       {[90m/* 底部统计 */[31m}
 [90m     |[31m       [31m[1m^[22m[31m
 [90m 337 |[31m       [33m<[31m[33mdiv[31m className[33m=[31m[32m"border-t border-edge/10 px-3 py-1.5 text-[10px] text-fg-faint"[31m[33m>[31m
 [90m 338 |[31m         {characterConfigs[33m.[31mlength} 个角色
 [90m 339 |[31m       [33m<[31m[33m/[31m[33mdiv[31m[33m>[31m[0m[39m
  Plugin: [35mvite:react-babel[39m
  File: [36mD:/ScriptWeaver/src/components/layout/CharacterManager.tsx[39m:336:6
[33m  346|          tone="danger"
  347|          onConfirm={() => {
  348|            if (pendingDelete) {
     |                   ^
  349|              deleteCharacter(pendingDelete)
  350|              setSelectedCharId(null)[39m
      at constructor (D:\ScriptWeaver\node_modules\@babel\parser\lib\index.js:365:19)
      at TypeScriptParserMixin.raise (D:\ScriptWeaver\node_modules\@babel\parser\lib\index.js:6616:19)
      at TypeScriptParserMixin.unexpected (D:\ScriptWeaver\node_modules\@babel\parser\lib\index.js:6636:16)
      at TypeScriptParserMixin.expect (D:\ScriptWeaver\node_modules\@babel\parser\lib\index.js:6916:12)
      at TypeScriptParserMixin.parseParenAndDistinguishExpression (D:\ScriptWeaver\node_modules\@babel\parser\lib\index.js:11678:14)
      at TypeScriptParserMixin.parseExprAtom (D:\ScriptWeaver\node_modules\@babel\parser\lib\index.js:11348:23)
      at TypeScriptParserMixin.parseExprAtom (D:\ScriptWeaver\node_modules\@babel\parser\lib\index.js:4776:20)
      at TypeScriptParserMixin.parseExprSubscripts (D:\ScriptWeaver\node_modules\@babel\parser\lib\index.js:11098:23)
      at TypeScriptParserMixin.parseUpdate (D:\ScriptWeaver\node_modules\@babel\parser\lib\index.js:11083:21)
      at TypeScriptParserMixin.parseMaybeUnary (D:\ScriptWeaver\node_modules\@babel\parser\lib\index.js:11063:23)
      at TypeScriptParserMixin.parseMaybeUnary (D:\ScriptWeaver\node_modules\@babel\parser\lib\index.js:9854:18)
      at TypeScriptParserMixin.parseMaybeUnaryOrPrivate (D:\ScriptWeaver\node_modules\@babel\parser\lib\index.js:10916:61)
      at TypeScriptParserMixin.parseExprOps (D:\ScriptWeaver\node_modules\@babel\parser\lib\index.js:10921:23)
      at TypeScriptParserMixin.parseMaybeConditional (D:\ScriptWeaver\node_modules\@babel\parser\lib\index.js:10898:23)
      at TypeScriptParserMixin.parseMaybeAssign (D:\ScriptWeaver\node_modules\@babel\parser\lib\index.js:10848:21)
      at TypeScriptParserMixin.parseMaybeAssign (D:\ScriptWeaver\node_modules\@babel\parser\lib\index.js:9803:20)
      at TypeScriptParserMixin.parseExpressionBase (D:\ScriptWeaver\node_modules\@babel\parser\lib\index.js:10801:23)
      at D:\ScriptWeaver\node_modules\@babel\parser\lib\index.js:10797:39
      at TypeScriptParserMixin.allowInAnd (D:\ScriptWeaver\node_modules\@babel\parser\lib\index.js:12438:16)
      at TypeScriptParserMixin.parseExpression (D:\ScriptWeaver\node_modules\@babel\parser\lib\index.js:10797:17)
      at TypeScriptParserMixin.parseReturnStatement (D:\ScriptWeaver\node_modules\@babel\parser\lib\index.js:13159:28)
      at TypeScriptParserMixin.parseStatementContent (D:\ScriptWeaver\node_modules\@babel\parser\lib\index.js:12815:21)
      at TypeScriptParserMixin.parseStatementContent (D:\ScriptWeaver\node_modules\@babel\parser\lib\index.js:9525:18)
      at TypeScriptParserMixin.parseStatementLike (D:\ScriptWeaver\node_modules\@babel\parser\lib\index.js:12784:17)
      at TypeScriptParserMixin.parseStatementListItem (D:\ScriptWeaver\node_modules\@babel\parser\lib\index.js:12764:17)
      at TypeScriptParserMixin.parseBlockOrModuleBlockBody (D:\ScriptWeaver\node_modules\@babel\parser\lib\index.js:13333:61)
      at TypeScriptParserMixin.parseBlockBody (D:\ScriptWeaver\node_modules\@babel\parser\lib\index.js:13326:10)
      at TypeScriptParserMixin.parseBlock (D:\ScriptWeaver\node_modules\@babel\parser\lib\index.js:13314:10)
      at TypeScriptParserMixin.parseFunctionBody (D:\ScriptWeaver\node_modules\@babel\parser\lib\index.js:12117:24)
      at TypeScriptParserMixin.parseFunctionBodyAndFinish (D:\ScriptWeaver\node_modules\@babel\parser\lib\index.js:12103:10)
      at TypeScriptParserMixin.parseFunctionBodyAndFinish (D:\ScriptWeaver\node_modules\@babel\parser\lib\index.js:9189:18)
      at D:\ScriptWeaver\node_modules\@babel\parser\lib\index.js:13462:12
      at TypeScriptParserMixin.withSmartMixTopicForbiddingContext (D:\ScriptWeaver\node_modules\@babel\parser\lib\index.js:12420:14)
      at TypeScriptParserMixin.parseFunction (D:\ScriptWeaver\node_modules\@babel\parser\lib\index.js:13461:10)
      at TypeScriptParserMixin.parseExportDefaultExpression (D:\ScriptWeaver\node_modules\@babel\parser\lib\index.js:13924:19)
      at TypeScriptParserMixin.parseExportDefaultExpression (D:\ScriptWeaver\node_modules\@babel\parser\lib\index.js:9419:18)
      at TypeScriptParserMixin.parseExport (D:\ScriptWeaver\node_modules\@babel\parser\lib\index.js:13845:25)
      at TypeScriptParserMixin.parseExport (D:\ScriptWeaver\node_modules\@babel\parser\lib\index.js:9402:20)
      at TypeScriptParserMixin.parseStatementContent (D:\ScriptWeaver\node_modules\@babel\parser\lib\index.js:12895:27)
      at TypeScriptParserMixin.parseStatementContent (D:\ScriptWeaver\node_modules\@babel\parser\lib\index.js:9525:18)
      at TypeScriptParserMixin.parseStatementLike (D:\ScriptWeaver\node_modules\@babel\parser\lib\index.js:12784:17)
      at TypeScriptParserMixin.parseModuleItem (D:\ScriptWeaver\node_modules\@babel\parser\lib\index.js:12761:17)
      at TypeScriptParserMixin.parseBlockOrModuleBlockBody (D:\ScriptWeaver\node_modules\@babel\parser\lib\index.js:13333:36)
      at TypeScriptParserMixin.parseBlockBody (D:\ScriptWeaver\node_modules\@babel\parser\lib\index.js:13326:10)
      at TypeScriptParserMixin.parseProgram (D:\ScriptWeaver\node_modules\@babel\parser\lib\index.js:12639:10)
      at TypeScriptParserMixin.parseTopLevel (D:\ScriptWeaver\node_modules\@babel\parser\lib\index.js:12629:25)
      at TypeScriptParserMixin.parse (D:\ScriptWeaver\node_modules\@babel\parser\lib\index.js:14505:25)
      at TypeScriptParserMixin.parse (D:\ScriptWeaver\node_modules\@babel\parser\lib\index.js:10143:18)
      at parse (D:\ScriptWeaver\node_modules\@babel\parser\lib\index.js:14539:38)
      at parser (D:\ScriptWeaver\node_modules\@babel\core\lib\parser\index.js:41:34)
[2m04:28:35[22m [31m[1m[vite][22m[39m [31mInternal server error: D:\ScriptWeaver\src\components\layout\CharacterManager.tsx: Unexpected token, expected "," (336:6)

[0m [90m 334 |[31m       [33m<[31m[33m/[31m[33mdiv[31m[33m>[31m
 [90m 335 |[31m
[31m[1m>[22m[31m[90m 336 |[31m       {[90m/* 底部统计 */[31m}
 [90m     |[31m       [31m[1m^[22m[31m
 [90m 337 |[31m       [33m<[31m[33mdiv[31m className[33m=[31m[32m"border-t border-edge/10 px-3 py-1.5 text-[10px] text-fg-faint"[31m[33m>[31m
 [90m 338 |[31m         {characterConfigs[33m.[31mlength} 个角色
 [90m 339 |[31m       [33m<[31m[33m/[31m[33mdiv[31m[33m>[31m[0m[39m
  Plugin: [35mvite:react-babel[39m
  File: [36mD:/ScriptWeaver/src/components/layout/CharacterManager.tsx[39m:336:6
[33m  346|          tone="danger"
  347|          onConfirm={() => {
  348|            if (pendingDelete) {
     |                   ^
  349|              deleteCharacter(pendingDelete)
  350|              setSelectedCharId(null)[39m
      at constructor (D:\ScriptWeaver\node_modules\@babel\parser\lib\index.js:365:19)
      at TypeScriptParserMixin.raise (D:\ScriptWeaver\node_modules\@babel\parser\lib\index.js:6616:19)
      at TypeScriptParserMixin.unexpected (D:\ScriptWeaver\node_modules\@babel\parser\lib\index.js:6636:16)
      at TypeScriptParserMixin.expect (D:\ScriptWeaver\node_modules\@babel\parser\lib\index.js:6916:12)
      at TypeScriptParserMixin.parseParenAndDistinguishExpression (D:\ScriptWeaver\node_modules\@babel\parser\lib\index.js:11678:14)
      at TypeScriptParserMixin.parseExprAtom (D:\ScriptWeaver\node_modules\@babel\parser\lib\index.js:11348:23)
      at TypeScriptParserMixin.parseExprAtom (D:\ScriptWeaver\node_modules\@babel\parser\lib\index.js:4776:20)
      at TypeScriptParserMixin.parseExprSubscripts (D:\ScriptWeaver\node_modules\@babel\parser\lib\index.js:11098:23)
      at TypeScriptParserMixin.parseUpdate (D:\ScriptWeaver\node_modules\@babel\parser\lib\index.js:11083:21)
      at TypeScriptParserMixin.parseMaybeUnary (D:\ScriptWeaver\node_modules\@babel\parser\lib\index.js:11063:23)
      at TypeScriptParserMixin.parseMaybeUnary (D:\ScriptWeaver\node_modules\@babel\parser\lib\index.js:9854:18)
      at TypeScriptParserMixin.parseMaybeUnaryOrPrivate (D:\ScriptWeaver\node_modules\@babel\parser\lib\index.js:10916:61)
      at TypeScriptParserMixin.parseExprOps (D:\ScriptWeaver\node_modules\@babel\parser\lib\index.js:10921:23)
      at TypeScriptParserMixin.parseMaybeConditional (D:\ScriptWeaver\node_modules\@babel\parser\lib\index.js:10898:23)
      at TypeScriptParserMixin.parseMaybeAssign (D:\ScriptWeaver\node_modules\@babel\parser\lib\index.js:10848:21)
      at TypeScriptParserMixin.parseMaybeAssign (D:\ScriptWeaver\node_modules\@babel\parser\lib\index.js:9803:20)
      at TypeScriptParserMixin.parseExpressionBase (D:\ScriptWeaver\node_modules\@babel\parser\lib\index.js:10801:23)
      at D:\ScriptWeaver\node_modules\@babel\parser\lib\index.js:10797:39
      at TypeScriptParserMixin.allowInAnd (D:\ScriptWeaver\node_modules\@babel\parser\lib\index.js:12438:16)
      at TypeScriptParserMixin.parseExpression (D:\ScriptWeaver\node_modules\@babel\parser\lib\index.js:10797:17)
      at TypeScriptParserMixin.parseReturnStatement (D:\ScriptWeaver\node_modules\@babel\parser\lib\index.js:13159:28)
      at TypeScriptParserMixin.parseStatementContent (D:\ScriptWeaver\node_modules\@babel\parser\lib\index.js:12815:21)
      at TypeScriptParserMixin.parseStatementContent (D:\ScriptWeaver\node_modules\@babel\parser\lib\index.js:9525:18)
      at TypeScriptParserMixin.parseStatementLike (D:\ScriptWeaver\node_modules\@babel\parser\lib\index.js:12784:17)
      at TypeScriptParserMixin.parseStatementListItem (D:\ScriptWeaver\node_modules\@babel\parser\lib\index.js:12764:17)
      at TypeScriptParserMixin.parseBlockOrModuleBlockBody (D:\ScriptWeaver\node_modules\@babel\parser\lib\index.js:13333:61)
      at TypeScriptParserMixin.parseBlockBody (D:\ScriptWeaver\node_modules\@babel\parser\lib\index.js:13326:10)
      at TypeScriptParserMixin.parseBlock (D:\ScriptWeaver\node_modules\@babel\parser\lib\index.js:13314:10)
      at TypeScriptParserMixin.parseFunctionBody (D:\ScriptWeaver\node_modules\@babel\parser\lib\index.js:12117:24)
      at TypeScriptParserMixin.parseFunctionBodyAndFinish (D:\ScriptWeaver\node_modules\@babel\parser\lib\index.js:12103:10)
      at TypeScriptParserMixin.parseFunctionBodyAndFinish (D:\ScriptWeaver\node_modules\@babel\parser\lib\index.js:9189:18)
      at D:\ScriptWeaver\node_modules\@babel\parser\lib\index.js:13462:12
      at TypeScriptParserMixin.withSmartMixTopicForbiddingContext (D:\ScriptWeaver\node_modules\@babel\parser\lib\index.js:12420:14)
      at TypeScriptParserMixin.parseFunction (D:\ScriptWeaver\node_modules\@babel\parser\lib\index.js:13461:10)
      at TypeScriptParserMixin.parseExportDefaultExpression (D:\ScriptWeaver\node_modules\@babel\parser\lib\index.js:13924:19)
      at TypeScriptParserMixin.parseExportDefaultExpression (D:\ScriptWeaver\node_modules\@babel\parser\lib\index.js:9419:18)
      at TypeScriptParserMixin.parseExport (D:\ScriptWeaver\node_modules\@babel\parser\lib\index.js:13845:25)
      at TypeScriptParserMixin.parseExport (D:\ScriptWeaver\node_modules\@babel\parser\lib\index.js:9402:20)
      at TypeScriptParserMixin.parseStatementContent (D:\ScriptWeaver\node_modules\@babel\parser\lib\index.js:12895:27)
      at TypeScriptParserMixin.parseStatementContent (D:\ScriptWeaver\node_modules\@babel\parser\lib\index.js:9525:18)
      at TypeScriptParserMixin.parseStatementLike (D:\ScriptWeaver\node_modules\@babel\parser\lib\index.js:12784:17)
      at TypeScriptParserMixin.parseModuleItem (D:\ScriptWeaver\node_modules\@babel\parser\lib\index.js:12761:17)
      at TypeScriptParserMixin.parseBlockOrModuleBlockBody (D:\ScriptWeaver\node_modules\@babel\parser\lib\index.js:13333:36)
      at TypeScriptParserMixin.parseBlockBody (D:\ScriptWeaver\node_modules\@babel\parser\lib\index.js:13326:10)
      at TypeScriptParserMixin.parseProgram (D:\ScriptWeaver\node_modules\@babel\parser\lib\index.js:12639:10)
      at TypeScriptParserMixin.parseTopLevel (D:\ScriptWeaver\node_modules\@babel\parser\lib\index.js:12629:25)
      at TypeScriptParserMixin.parse (D:\ScriptWeaver\node_modules\@babel\parser\lib\index.js:14505:25)
      at TypeScriptParserMixin.parse (D:\ScriptWeaver\node_modules\@babel\parser\lib\index.js:10143:18)
      at parse (D:\ScriptWeaver\node_modules\@babel\parser\lib\index.js:14539:38)
      at parser (D:\ScriptWeaver\node_modules\@babel\core\lib\parser\index.js:41:34)
[2m04:28:42[22m [31m[1m[vite][22m[39m Pre-transform error: D:\ScriptWeaver\src\components\layout\CharacterManager.tsx: Unexpected token, expected "," (336:6)

[0m [90m 334 |[39m       [33m<[39m[33m/[39m[33mdiv[39m[33m>[39m
 [90m 335 |[39m
[31m[1m>[22m[39m[90m 336 |[39m       {[90m/* 底部统计 */[39m}
 [90m     |[39m       [31m[1m^[22m[39m
 [90m 337 |[39m       [33m<[39m[33mdiv[39m className[33m=[39m[32m"border-t border-edge/10 px-3 py-1.5 text-[10px] text-fg-faint"[39m[33m>[39m
 [90m 338 |[39m         {characterConfigs[33m.[39mlength} 个角色
 [90m 339 |[39m       [33m<[39m[33m/[39m[33mdiv[39m[33m>[39m[0m
[2m04:28:42[22m [31m[1m[vite][22m[39m [31mInternal server error: D:\ScriptWeaver\src\components\layout\CharacterManager.tsx: Unexpected token, expected "," (336:6)

[0m [90m 334 |[31m       [33m<[31m[33m/[31m[33mdiv[31m[33m>[31m
 [90m 335 |[31m
[31m[1m>[22m[31m[90m 336 |[31m       {[90m/* 底部统计 */[31m}
 [90m     |[31m       [31m[1m^[22m[31m
 [90m 337 |[31m       [33m<[31m[33mdiv[31m className[33m=[31m[32m"border-t border-edge/10 px-3 py-1.5 text-[10px] text-fg-faint"[31m[33m>[31m
 [90m 338 |[31m         {characterConfigs[33m.[31mlength} 个角色
 [90m 339 |[31m       [33m<[31m[33m/[31m[33mdiv[31m[33m>[31m[0m[39m
  Plugin: [35mvite:react-babel[39m
  File: [36mD:/ScriptWeaver/src/components/layout/CharacterManager.tsx[39m:336:6
[33m  346|          tone="danger"
  347|          onConfirm={() => {
  348|            if (pendingDelete) {
     |                   ^
  349|              deleteCharacter(pendingDelete)
  350|              setSelectedCharId(null)[39m
      at constructor (D:\ScriptWeaver\node_modules\@babel\parser\lib\index.js:365:19)
      at TypeScriptParserMixin.raise (D:\ScriptWeaver\node_modules\@babel\parser\lib\index.js:6616:19)
      at TypeScriptParserMixin.unexpected (D:\ScriptWeaver\node_modules\@babel\parser\lib\index.js:6636:16)
      at TypeScriptParserMixin.expect (D:\ScriptWeaver\node_modules\@babel\parser\lib\index.js:6916:12)
      at TypeScriptParserMixin.parseParenAndDistinguishExpression (D:\ScriptWeaver\node_modules\@babel\parser\lib\index.js:11678:14)
      at TypeScriptParserMixin.parseExprAtom (D:\ScriptWeaver\node_modules\@babel\parser\lib\index.js:11348:23)
      at TypeScriptParserMixin.parseExprAtom (D:\ScriptWeaver\node_modules\@babel\parser\lib\index.js:4776:20)
      at TypeScriptParserMixin.parseExprSubscripts (D:\ScriptWeaver\node_modules\@babel\parser\lib\index.js:11098:23)
      at TypeScriptParserMixin.parseUpdate (D:\ScriptWeaver\node_modules\@babel\parser\lib\index.js:11083:21)
      at TypeScriptParserMixin.parseMaybeUnary (D:\ScriptWeaver\node_modules\@babel\parser\lib\index.js:11063:23)
      at TypeScriptParserMixin.parseMaybeUnary (D:\ScriptWeaver\node_modules\@babel\parser\lib\index.js:9854:18)
      at TypeScriptParserMixin.parseMaybeUnaryOrPrivate (D:\ScriptWeaver\node_modules\@babel\parser\lib\index.js:10916:61)
      at TypeScriptParserMixin.parseExprOps (D:\ScriptWeaver\node_modules\@babel\parser\lib\index.js:10921:23)
      at TypeScriptParserMixin.parseMaybeConditional (D:\ScriptWeaver\node_modules\@babel\parser\lib\index.js:10898:23)
      at TypeScriptParserMixin.parseMaybeAssign (D:\ScriptWeaver\node_modules\@babel\parser\lib\index.js:10848:21)
      at TypeScriptParserMixin.parseMaybeAssign (D:\ScriptWeaver\node_modules\@babel\parser\lib\index.js:9803:20)
      at TypeScriptParserMixin.parseExpressionBase (D:\ScriptWeaver\node_modules\@babel\parser\lib\index.js:10801:23)
      at D:\ScriptWeaver\node_modules\@babel\parser\lib\index.js:10797:39
      at TypeScriptParserMixin.allowInAnd (D:\ScriptWeaver\node_modules\@babel\parser\lib\index.js:12438:16)
      at TypeScriptParserMixin.parseExpression (D:\ScriptWeaver\node_modules\@babel\parser\lib\index.js:10797:17)
      at TypeScriptParserMixin.parseReturnStatement (D:\ScriptWeaver\node_modules\@babel\parser\lib\index.js:13159:28)
      at TypeScriptParserMixin.parseStatementContent (D:\ScriptWeaver\node_modules\@babel\parser\lib\index.js:12815:21)
      at TypeScriptParserMixin.parseStatementContent (D:\ScriptWeaver\node_modules\@babel\parser\lib\index.js:9525:18)
      at TypeScriptParserMixin.parseStatementLike (D:\ScriptWeaver\node_modules\@babel\parser\lib\index.js:12784:17)
      at TypeScriptParserMixin.parseStatementListItem (D:\ScriptWeaver\node_modules\@babel\parser\lib\index.js:12764:17)
      at TypeScriptParserMixin.parseBlockOrModuleBlockBody (D:\ScriptWeaver\node_modules\@babel\parser\lib\index.js:13333:61)
      at TypeScriptParserMixin.parseBlockBody (D:\ScriptWeaver\node_modules\@babel\parser\lib\index.js:13326:10)
      at TypeScriptParserMixin.parseBlock (D:\ScriptWeaver\node_modules\@babel\parser\lib\index.js:13314:10)
      at TypeScriptParserMixin.parseFunctionBody (D:\ScriptWeaver\node_modules\@babel\parser\lib\index.js:12117:24)
      at TypeScriptParserMixin.parseFunctionBodyAndFinish (D:\ScriptWeaver\node_modules\@babel\parser\lib\index.js:12103:10)
      at TypeScriptParserMixin.parseFunctionBodyAndFinish (D:\ScriptWeaver\node_modules\@babel\parser\lib\index.js:9189:18)
      at D:\ScriptWeaver\node_modules\@babel\parser\lib\index.js:13462:12
      at TypeScriptParserMixin.withSmartMixTopicForbiddingContext (D:\ScriptWeaver\node_modules\@babel\parser\lib\index.js:12420:14)
      at TypeScriptParserMixin.parseFunction (D:\ScriptWeaver\node_modules\@babel\parser\lib\index.js:13461:10)
      at TypeScriptParserMixin.parseExportDefaultExpression (D:\ScriptWeaver\node_modules\@babel\parser\lib\index.js:13924:19)
      at TypeScriptParserMixin.parseExportDefaultExpression (D:\ScriptWeaver\node_modules\@babel\parser\lib\index.js:9419:18)
      at TypeScriptParserMixin.parseExport (D:\ScriptWeaver\node_modules\@babel\parser\lib\index.js:13845:25)
      at TypeScriptParserMixin.parseExport (D:\ScriptWeaver\node_modules\@babel\parser\lib\index.js:9402:20)
      at TypeScriptParserMixin.parseStatementContent (D:\ScriptWeaver\node_modules\@babel\parser\lib\index.js:12895:27)
      at TypeScriptParserMixin.parseStatementContent (D:\ScriptWeaver\node_modules\@babel\parser\lib\index.js:9525:18)
      at TypeScriptParserMixin.parseStatementLike (D:\ScriptWeaver\node_modules\@babel\parser\lib\index.js:12784:17)
      at TypeScriptParserMixin.parseModuleItem (D:\ScriptWeaver\node_modules\@babel\parser\lib\index.js:12761:17)
      at TypeScriptParserMixin.parseBlockOrModuleBlockBody (D:\ScriptWeaver\node_modules\@babel\parser\lib\index.js:13333:36)
      at TypeScriptParserMixin.parseBlockBody (D:\ScriptWeaver\node_modules\@babel\parser\lib\index.js:13326:10)
      at TypeScriptParserMixin.parseProgram (D:\ScriptWeaver\node_modules\@babel\parser\lib\index.js:12639:10)
      at TypeScriptParserMixin.parseTopLevel (D:\ScriptWeaver\node_modules\@babel\parser\lib\index.js:12629:25)
      at TypeScriptParserMixin.parse (D:\ScriptWeaver\node_modules\@babel\parser\lib\index.js:14505:25)
      at TypeScriptParserMixin.parse (D:\ScriptWeaver\node_modules\@babel\parser\lib\index.js:10143:18)
      at parse (D:\ScriptWeaver\node_modules\@babel\parser\lib\index.js:14539:38)
      at parser (D:\ScriptWeaver\node_modules\@babel\core\lib\parser\index.js:41:34)
[2m04:29:39[22m [31m[1m[vite][22m[39m [31mInternal server error: D:\ScriptWeaver\src\components\layout\CharacterManager.tsx: Unexpected token, expected "," (336:6)

[0m [90m 334 |[31m       [33m<[31m[33m/[31m[33mdiv[31m[33m>[31m
 [90m 335 |[31m
[31m[1m>[22m[31m[90m 336 |[31m       {[90m/* 底部统计 */[31m}
 [90m     |[31m       [31m[1m^[22m[31m
 [90m 337 |[31m       [33m<[31m[33mdiv[31m className[33m=[31m[32m"border-t border-edge/10 px-3 py-1.5 text-[10px] text-fg-faint"[31m[33m>[31m
 [90m 338 |[31m         {characterConfigs[33m.[31mlength} 个角色
 [90m 339 |[31m       [33m<[31m[33m/[31m[33mdiv[31m[33m>[31m[0m[39m
  Plugin: [35mvite:react-babel[39m
  File: [36mD:/ScriptWeaver/src/components/layout/CharacterManager.tsx[39m:336:6
[33m  346|          tone="danger"
  347|          onConfirm={() => {
  348|            if (pendingDelete) {
     |                   ^
  349|              deleteCharacter(pendingDelete)
  350|              setSelectedCharId(null)[39m
      at constructor (D:\ScriptWeaver\node_modules\@babel\parser\lib\index.js:365:19)
      at TypeScriptParserMixin.raise (D:\ScriptWeaver\node_modules\@babel\parser\lib\index.js:6616:19)
      at TypeScriptParserMixin.unexpected (D:\ScriptWeaver\node_modules\@babel\parser\lib\index.js:6636:16)
      at TypeScriptParserMixin.expect (D:\ScriptWeaver\node_modules\@babel\parser\lib\index.js:6916:12)
      at TypeScriptParserMixin.parseParenAndDistinguishExpression (D:\ScriptWeaver\node_modules\@babel\parser\lib\index.js:11678:14)
      at TypeScriptParserMixin.parseExprAtom (D:\ScriptWeaver\node_modules\@babel\parser\lib\index.js:11348:23)
      at TypeScriptParserMixin.parseExprAtom (D:\ScriptWeaver\node_modules\@babel\parser\lib\index.js:4776:20)
      at TypeScriptParserMixin.parseExprSubscripts (D:\ScriptWeaver\node_modules\@babel\parser\lib\index.js:11098:23)
      at TypeScriptParserMixin.parseUpdate (D:\ScriptWeaver\node_modules\@babel\parser\lib\index.js:11083:21)
      at TypeScriptParserMixin.parseMaybeUnary (D:\ScriptWeaver\node_modules\@babel\parser\lib\index.js:11063:23)
      at TypeScriptParserMixin.parseMaybeUnary (D:\ScriptWeaver\node_modules\@babel\parser\lib\index.js:9854:18)
      at TypeScriptParserMixin.parseMaybeUnaryOrPrivate (D:\ScriptWeaver\node_modules\@babel\parser\lib\index.js:10916:61)
      at TypeScriptParserMixin.parseExprOps (D:\ScriptWeaver\node_modules\@babel\parser\lib\index.js:10921:23)
      at TypeScriptParserMixin.parseMaybeConditional (D:\ScriptWeaver\node_modules\@babel\parser\lib\index.js:10898:23)
      at TypeScriptParserMixin.parseMaybeAssign (D:\ScriptWeaver\node_modules\@babel\parser\lib\index.js:10848:21)
      at TypeScriptParserMixin.parseMaybeAssign (D:\ScriptWeaver\node_modules\@babel\parser\lib\index.js:9803:20)
      at TypeScriptParserMixin.parseExpressionBase (D:\ScriptWeaver\node_modules\@babel\parser\lib\index.js:10801:23)
      at D:\ScriptWeaver\node_modules\@babel\parser\lib\index.js:10797:39
      at TypeScriptParserMixin.allowInAnd (D:\ScriptWeaver\node_modules\@babel\parser\lib\index.js:12438:16)
      at TypeScriptParserMixin.parseExpression (D:\ScriptWeaver\node_modules\@babel\parser\lib\index.js:10797:17)
      at TypeScriptParserMixin.parseReturnStatement (D:\ScriptWeaver\node_modules\@babel\parser\lib\index.js:13159:28)
      at TypeScriptParserMixin.parseStatementContent (D:\ScriptWeaver\node_modules\@babel\parser\lib\index.js:12815:21)
      at TypeScriptParserMixin.parseStatementContent (D:\ScriptWeaver\node_modules\@babel\parser\lib\index.js:9525:18)
      at TypeScriptParserMixin.parseStatementLike (D:\ScriptWeaver\node_modules\@babel\parser\lib\index.js:12784:17)
      at TypeScriptParserMixin.parseStatementListItem (D:\ScriptWeaver\node_modules\@babel\parser\lib\index.js:12764:17)
      at TypeScriptParserMixin.parseBlockOrModuleBlockBody (D:\ScriptWeaver\node_modules\@babel\parser\lib\index.js:13333:61)
      at TypeScriptParserMixin.parseBlockBody (D:\ScriptWeaver\node_modules\@babel\parser\lib\index.js:13326:10)
      at TypeScriptParserMixin.parseBlock (D:\ScriptWeaver\node_modules\@babel\parser\lib\index.js:13314:10)
      at TypeScriptParserMixin.parseFunctionBody (D:\ScriptWeaver\node_modules\@babel\parser\lib\index.js:12117:24)
      at TypeScriptParserMixin.parseFunctionBodyAndFinish (D:\ScriptWeaver\node_modules\@babel\parser\lib\index.js:12103:10)
      at TypeScriptParserMixin.parseFunctionBodyAndFinish (D:\ScriptWeaver\node_modules\@babel\parser\lib\index.js:9189:18)
      at D:\ScriptWeaver\node_modules\@babel\parser\lib\index.js:13462:12
      at TypeScriptParserMixin.withSmartMixTopicForbiddingContext (D:\ScriptWeaver\node_modules\@babel\parser\lib\index.js:12420:14)
      at TypeScriptParserMixin.parseFunction (D:\ScriptWeaver\node_modules\@babel\parser\lib\index.js:13461:10)
      at TypeScriptParserMixin.parseExportDefaultExpression (D:\ScriptWeaver\node_modules\@babel\parser\lib\index.js:13924:19)
      at TypeScriptParserMixin.parseExportDefaultExpression (D:\ScriptWeaver\node_modules\@babel\parser\lib\index.js:9419:18)
      at TypeScriptParserMixin.parseExport (D:\ScriptWeaver\node_modules\@babel\parser\lib\index.js:13845:25)
      at TypeScriptParserMixin.parseExport (D:\ScriptWeaver\node_modules\@babel\parser\lib\index.js:9402:20)
      at TypeScriptParserMixin.parseStatementContent (D:\ScriptWeaver\node_modules\@babel\parser\lib\index.js:12895:27)
      at TypeScriptParserMixin.parseStatementContent (D:\ScriptWeaver\node_modules\@babel\parser\lib\index.js:9525:18)
      at TypeScriptParserMixin.parseStatementLike (D:\ScriptWeaver\node_modules\@babel\parser\lib\index.js:12784:17)
      at TypeScriptParserMixin.parseModuleItem (D:\ScriptWeaver\node_modules\@babel\parser\lib\index.js:12761:17)
      at TypeScriptParserMixin.parseBlockOrModuleBlockBody (D:\ScriptWeaver\node_modules\@babel\parser\lib\index.js:13333:36)
      at TypeScriptParserMixin.parseBlockBody (D:\ScriptWeaver\node_modules\@babel\parser\lib\index.js:13326:10)
      at TypeScriptParserMixin.parseProgram (D:\ScriptWeaver\node_modules\@babel\parser\lib\index.js:12639:10)
      at TypeScriptParserMixin.parseTopLevel (D:\ScriptWeaver\node_modules\@babel\parser\lib\index.js:12629:25)
      at TypeScriptParserMixin.parse (D:\ScriptWeaver\node_modules\@babel\parser\lib\index.js:14505:25)
      at TypeScriptParserMixin.parse (D:\ScriptWeaver\node_modules\@babel\parser\lib\index.js:10143:18)
      at parse (D:\ScriptWeaver\node_modules\@babel\parser\lib\index.js:14539:38)
      at parser (D:\ScriptWeaver\node_modules\@babel\core\lib\parser\index.js:41:34)
[2m04:30:30[22m [31m[1m[vite][22m[39m [31mInternal server error: D:\ScriptWeaver\src\components\layout\CharacterManager.tsx: Unexpected token, expected "," (336:6)

[0m [90m 334 |[31m       [33m<[31m[33m/[31m[33mdiv[31m[33m>[31m
 [90m 335 |[31m
[31m[1m>[22m[31m[90m 336 |[31m       {[90m/* 底部统计 */[31m}
 [90m     |[31m       [31m[1m^[22m[31m
 [90m 337 |[31m       [33m<[31m[33mdiv[31m className[33m=[31m[32m"border-t border-edge/10 px-3 py-1.5 text-[10px] text-fg-faint"[31m[33m>[31m
 [90m 338 |[31m         {characterConfigs[33m.[31mlength} 个角色
 [90m 339 |[31m       [33m<[31m[33m/[31m[33mdiv[31m[33m>[31m[0m[39m
  Plugin: [35mvite:react-babel[39m
  File: [36mD:/ScriptWeaver/src/components/layout/CharacterManager.tsx[39m:336:6
[33m  346|          tone="danger"
  347|          onConfirm={() => {
  348|            if (pendingDelete) {
     |                   ^
  349|              deleteCharacter(pendingDelete)
  350|              setSelectedCharId(null)[39m
      at constructor (D:\ScriptWeaver\node_modules\@babel\parser\lib\index.js:365:19)
      at TypeScriptParserMixin.raise (D:\ScriptWeaver\node_modules\@babel\parser\lib\index.js:6616:19)
      at TypeScriptParserMixin.unexpected (D:\ScriptWeaver\node_modules\@babel\parser\lib\index.js:6636:16)
      at TypeScriptParserMixin.expect (D:\ScriptWeaver\node_modules\@babel\parser\lib\index.js:6916:12)
      at TypeScriptParserMixin.parseParenAndDistinguishExpression (D:\ScriptWeaver\node_modules\@babel\parser\lib\index.js:11678:14)
      at TypeScriptParserMixin.parseExprAtom (D:\ScriptWeaver\node_modules\@babel\parser\lib\index.js:11348:23)
      at TypeScriptParserMixin.parseExprAtom (D:\ScriptWeaver\node_modules\@babel\parser\lib\index.js:4776:20)
      at TypeScriptParserMixin.parseExprSubscripts (D:\ScriptWeaver\node_modules\@babel\parser\lib\index.js:11098:23)
      at TypeScriptParserMixin.parseUpdate (D:\ScriptWeaver\node_modules\@babel\parser\lib\index.js:11083:21)
      at TypeScriptParserMixin.parseMaybeUnary (D:\ScriptWeaver\node_modules\@babel\parser\lib\index.js:11063:23)
      at TypeScriptParserMixin.parseMaybeUnary (D:\ScriptWeaver\node_modules\@babel\parser\lib\index.js:9854:18)
      at TypeScriptParserMixin.parseMaybeUnaryOrPrivate (D:\ScriptWeaver\node_modules\@babel\parser\lib\index.js:10916:61)
      at TypeScriptParserMixin.parseExprOps (D:\ScriptWeaver\node_modules\@babel\parser\lib\index.js:10921:23)
      at TypeScriptParserMixin.parseMaybeConditional (D:\ScriptWeaver\node_modules\@babel\parser\lib\index.js:10898:23)
      at TypeScriptParserMixin.parseMaybeAssign (D:\ScriptWeaver\node_modules\@babel\parser\lib\index.js:10848:21)
      at TypeScriptParserMixin.parseMaybeAssign (D:\ScriptWeaver\node_modules\@babel\parser\lib\index.js:9803:20)
      at TypeScriptParserMixin.parseExpressionBase (D:\ScriptWeaver\node_modules\@babel\parser\lib\index.js:10801:23)
      at D:\ScriptWeaver\node_modules\@babel\parser\lib\index.js:10797:39
      at TypeScriptParserMixin.allowInAnd (D:\ScriptWeaver\node_modules\@babel\parser\lib\index.js:12438:16)
      at TypeScriptParserMixin.parseExpression (D:\ScriptWeaver\node_modules\@babel\parser\lib\index.js:10797:17)
      at TypeScriptParserMixin.parseReturnStatement (D:\ScriptWeaver\node_modules\@babel\parser\lib\index.js:13159:28)
      at TypeScriptParserMixin.parseStatementContent (D:\ScriptWeaver\node_modules\@babel\parser\lib\index.js:12815:21)
      at TypeScriptParserMixin.parseStatementContent (D:\ScriptWeaver\node_modules\@babel\parser\lib\index.js:9525:18)
      at TypeScriptParserMixin.parseStatementLike (D:\ScriptWeaver\node_modules\@babel\parser\lib\index.js:12784:17)
      at TypeScriptParserMixin.parseStatementListItem (D:\ScriptWeaver\node_modules\@babel\parser\lib\index.js:12764:17)
      at TypeScriptParserMixin.parseBlockOrModuleBlockBody (D:\ScriptWeaver\node_modules\@babel\parser\lib\index.js:13333:61)
      at TypeScriptParserMixin.parseBlockBody (D:\ScriptWeaver\node_modules\@babel\parser\lib\index.js:13326:10)
      at TypeScriptParserMixin.parseBlock (D:\ScriptWeaver\node_modules\@babel\parser\lib\index.js:13314:10)
      at TypeScriptParserMixin.parseFunctionBody (D:\ScriptWeaver\node_modules\@babel\parser\lib\index.js:12117:24)
      at TypeScriptParserMixin.parseFunctionBodyAndFinish (D:\ScriptWeaver\node_modules\@babel\parser\lib\index.js:12103:10)
      at TypeScriptParserMixin.parseFunctionBodyAndFinish (D:\ScriptWeaver\node_modules\@babel\parser\lib\index.js:9189:18)
      at D:\ScriptWeaver\node_modules\@babel\parser\lib\index.js:13462:12
      at TypeScriptParserMixin.withSmartMixTopicForbiddingContext (D:\ScriptWeaver\node_modules\@babel\parser\lib\index.js:12420:14)
      at TypeScriptParserMixin.parseFunction (D:\ScriptWeaver\node_modules\@babel\parser\lib\index.js:13461:10)
      at TypeScriptParserMixin.parseExportDefaultExpression (D:\ScriptWeaver\node_modules\@babel\parser\lib\index.js:13924:19)
      at TypeScriptParserMixin.parseExportDefaultExpression (D:\ScriptWeaver\node_modules\@babel\parser\lib\index.js:9419:18)
      at TypeScriptParserMixin.parseExport (D:\ScriptWeaver\node_modules\@babel\parser\lib\index.js:13845:25)
      at TypeScriptParserMixin.parseExport (D:\ScriptWeaver\node_modules\@babel\parser\lib\index.js:9402:20)
      at TypeScriptParserMixin.parseStatementContent (D:\ScriptWeaver\node_modules\@babel\parser\lib\index.js:12895:27)
      at TypeScriptParserMixin.parseStatementContent (D:\ScriptWeaver\node_modules\@babel\parser\lib\index.js:9525:18)
      at TypeScriptParserMixin.parseStatementLike (D:\ScriptWeaver\node_modules\@babel\parser\lib\index.js:12784:17)
      at TypeScriptParserMixin.parseModuleItem (D:\ScriptWeaver\node_modules\@babel\parser\lib\index.js:12761:17)
      at TypeScriptParserMixin.parseBlockOrModuleBlockBody (D:\ScriptWeaver\node_modules\@babel\parser\lib\index.js:13333:36)
      at TypeScriptParserMixin.parseBlockBody (D:\ScriptWeaver\node_modules\@babel\parser\lib\index.js:13326:10)
      at TypeScriptParserMixin.parseProgram (D:\ScriptWeaver\node_modules\@babel\parser\lib\index.js:12639:10)
      at TypeScriptParserMixin.parseTopLevel (D:\ScriptWeaver\node_modules\@babel\parser\lib\index.js:12629:25)
      at TypeScriptParserMixin.parse (D:\ScriptWeaver\node_modules\@babel\parser\lib\index.js:14505:25)
      at TypeScriptParserMixin.parse (D:\ScriptWeaver\node_modules\@babel\parser\lib\index.js:10143:18)
      at parse (D:\ScriptWeaver\node_modules\@babel\parser\lib\index.js:14539:38)
      at parser (D:\ScriptWeaver\node_modules\@babel\core\lib\parser\index.js:41:34)
[2m04:30:55[22m [31m[1m[vite][22m[39m [31mInternal server error: D:\ScriptWeaver\src\components\layout\CharacterManager.tsx: Unexpected token, expected "," (336:6)

[0m [90m 334 |[31m       [33m<[31m[33m/[31m[33mdiv[31m[33m>[31m
 [90m 335 |[31m
[31m[1m>[22m[31m[90m 336 |[31m       {[90m/* 底部统计 */[31m}
 [90m     |[31m       [31m[1m^[22m[31m
 [90m 337 |[31m       [33m<[31m[33mdiv[31m className[33m=[31m[32m"border-t border-edge/10 px-3 py-1.5 text-[10px] text-fg-faint"[31m[33m>[31m
 [90m 338 |[31m         {characterConfigs[33m.[31mlength} 个角色
 [90m 339 |[31m       [33m<[31m[33m/[31m[33mdiv[31m[33m>[31m[0m[39m
  Plugin: [35mvite:react-babel[39m
  File: [36mD:/ScriptWeaver/src/components/layout/CharacterManager.tsx[39m:336:6
[33m  346|          tone="danger"
  347|          onConfirm={() => {
  348|            if (pendingDelete) {
     |                   ^
  349|              deleteCharacter(pendingDelete)
  350|              setSelectedCharId(null)[39m
      at constructor (D:\ScriptWeaver\node_modules\@babel\parser\lib\index.js:365:19)
      at TypeScriptParserMixin.raise (D:\ScriptWeaver\node_modules\@babel\parser\lib\index.js:6616:19)
      at TypeScriptParserMixin.unexpected (D:\ScriptWeaver\node_modules\@babel\parser\lib\index.js:6636:16)
      at TypeScriptParserMixin.expect (D:\ScriptWeaver\node_modules\@babel\parser\lib\index.js:6916:12)
      at TypeScriptParserMixin.parseParenAndDistinguishExpression (D:\ScriptWeaver\node_modules\@babel\parser\lib\index.js:11678:14)
      at TypeScriptParserMixin.parseExprAtom (D:\ScriptWeaver\node_modules\@babel\parser\lib\index.js:11348:23)
      at TypeScriptParserMixin.parseExprAtom (D:\ScriptWeaver\node_modules\@babel\parser\lib\index.js:4776:20)
      at TypeScriptParserMixin.parseExprSubscripts (D:\ScriptWeaver\node_modules\@babel\parser\lib\index.js:11098:23)
      at TypeScriptParserMixin.parseUpdate (D:\ScriptWeaver\node_modules\@babel\parser\lib\index.js:11083:21)
      at TypeScriptParserMixin.parseMaybeUnary (D:\ScriptWeaver\node_modules\@babel\parser\lib\index.js:11063:23)
      at TypeScriptParserMixin.parseMaybeUnary (D:\ScriptWeaver\node_modules\@babel\parser\lib\index.js:9854:18)
      at TypeScriptParserMixin.parseMaybeUnaryOrPrivate (D:\ScriptWeaver\node_modules\@babel\parser\lib\index.js:10916:61)
      at TypeScriptParserMixin.parseExprOps (D:\ScriptWeaver\node_modules\@babel\parser\lib\index.js:10921:23)
      at TypeScriptParserMixin.parseMaybeConditional (D:\ScriptWeaver\node_modules\@babel\parser\lib\index.js:10898:23)
      at TypeScriptParserMixin.parseMaybeAssign (D:\ScriptWeaver\node_modules\@babel\parser\lib\index.js:10848:21)
      at TypeScriptParserMixin.parseMaybeAssign (D:\ScriptWeaver\node_modules\@babel\parser\lib\index.js:9803:20)
      at TypeScriptParserMixin.parseExpressionBase (D:\ScriptWeaver\node_modules\@babel\parser\lib\index.js:10801:23)
      at D:\ScriptWeaver\node_modules\@babel\parser\lib\index.js:10797:39
      at TypeScriptParserMixin.allowInAnd (D:\ScriptWeaver\node_modules\@babel\parser\lib\index.js:12438:16)
      at TypeScriptParserMixin.parseExpression (D:\ScriptWeaver\node_modules\@babel\parser\lib\index.js:10797:17)
      at TypeScriptParserMixin.parseReturnStatement (D:\ScriptWeaver\node_modules\@babel\parser\lib\index.js:13159:28)
      at TypeScriptParserMixin.parseStatementContent (D:\ScriptWeaver\node_modules\@babel\parser\lib\index.js:12815:21)
      at TypeScriptParserMixin.parseStatementContent (D:\ScriptWeaver\node_modules\@babel\parser\lib\index.js:9525:18)
      at TypeScriptParserMixin.parseStatementLike (D:\ScriptWeaver\node_modules\@babel\parser\lib\index.js:12784:17)
      at TypeScriptParserMixin.parseStatementListItem (D:\ScriptWeaver\node_modules\@babel\parser\lib\index.js:12764:17)
      at TypeScriptParserMixin.parseBlockOrModuleBlockBody (D:\ScriptWeaver\node_modules\@babel\parser\lib\index.js:13333:61)
      at TypeScriptParserMixin.parseBlockBody (D:\ScriptWeaver\node_modules\@babel\parser\lib\index.js:13326:10)
      at TypeScriptParserMixin.parseBlock (D:\ScriptWeaver\node_modules\@babel\parser\lib\index.js:13314:10)
      at TypeScriptParserMixin.parseFunctionBody (D:\ScriptWeaver\node_modules\@babel\parser\lib\index.js:12117:24)
      at TypeScriptParserMixin.parseFunctionBodyAndFinish (D:\ScriptWeaver\node_modules\@babel\parser\lib\index.js:12103:10)
      at TypeScriptParserMixin.parseFunctionBodyAndFinish (D:\ScriptWeaver\node_modules\@babel\parser\lib\index.js:9189:18)
      at D:\ScriptWeaver\node_modules\@babel\parser\lib\index.js:13462:12
      at TypeScriptParserMixin.withSmartMixTopicForbiddingContext (D:\ScriptWeaver\node_modules\@babel\parser\lib\index.js:12420:14)
      at TypeScriptParserMixin.parseFunction (D:\ScriptWeaver\node_modules\@babel\parser\lib\index.js:13461:10)
      at TypeScriptParserMixin.parseExportDefaultExpression (D:\ScriptWeaver\node_modules\@babel\parser\lib\index.js:13924:19)
      at TypeScriptParserMixin.parseExportDefaultExpression (D:\ScriptWeaver\node_modules\@babel\parser\lib\index.js:9419:18)
      at TypeScriptParserMixin.parseExport (D:\ScriptWeaver\node_modules\@babel\parser\lib\index.js:13845:25)
      at TypeScriptParserMixin.parseExport (D:\ScriptWeaver\node_modules\@babel\parser\lib\index.js:9402:20)
      at TypeScriptParserMixin.parseStatementContent (D:\ScriptWeaver\node_modules\@babel\parser\lib\index.js:12895:27)
      at TypeScriptParserMixin.parseStatementContent (D:\ScriptWeaver\node_modules\@babel\parser\lib\index.js:9525:18)
      at TypeScriptParserMixin.parseStatementLike (D:\ScriptWeaver\node_modules\@babel\parser\lib\index.js:12784:17)
      at TypeScriptParserMixin.parseModuleItem (D:\ScriptWeaver\node_modules\@babel\parser\lib\index.js:12761:17)
      at TypeScriptParserMixin.parseBlockOrModuleBlockBody (D:\ScriptWeaver\node_modules\@babel\parser\lib\index.js:13333:36)
      at TypeScriptParserMixin.parseBlockBody (D:\ScriptWeaver\node_modules\@babel\parser\lib\index.js:13326:10)
      at TypeScriptParserMixin.parseProgram (D:\ScriptWeaver\node_modules\@babel\parser\lib\index.js:12639:10)
      at TypeScriptParserMixin.parseTopLevel (D:\ScriptWeaver\node_modules\@babel\parser\lib\index.js:12629:25)
      at TypeScriptParserMixin.parse (D:\ScriptWeaver\node_modules\@babel\parser\lib\index.js:14505:25)
      at TypeScriptParserMixin.parse (D:\ScriptWeaver\node_modules\@babel\parser\lib\index.js:10143:18)
      at parse (D:\ScriptWeaver\node_modules\@babel\parser\lib\index.js:14539:38)
      at parser (D:\ScriptWeaver\node_modules\@babel\core\lib\parser\index.js:41:34)
[2m04:31:46[22m [31m[1m[vite][22m[39m [31mInternal server error: D:\ScriptWeaver\src\components\layout\CharacterManager.tsx: Unexpected token, expected "," (336:6)

[0m [90m 334 |[31m       [33m<[31m[33m/[31m[33mdiv[31m[33m>[31m
 [90m 335 |[31m
[31m[1m>[22m[31m[90m 336 |[31m       {[90m/* 底部统计 */[31m}
 [90m     |[31m       [31m[1m^[22m[31m
 [90m 337 |[31m       [33m<[31m[33mdiv[31m className[33m=[31m[32m"border-t border-edge/10 px-3 py-1.5 text-[10px] text-fg-faint"[31m[33m>[31m
 [90m 338 |[31m         {characterConfigs[33m.[31mlength} 个角色
 [90m 339 |[31m       [33m<[31m[33m/[31m[33mdiv[31m[33m>[31m[0m[39m
  Plugin: [35mvite:react-babel[39m
  File: [36mD:/ScriptWeaver/src/components/layout/CharacterManager.tsx[39m:336:6
[33m  346|          tone="danger"
  347|          onConfirm={() => {
  348|            if (pendingDelete) {
     |                   ^
  349|              deleteCharacter(pendingDelete)
  350|              setSelectedCharId(null)[39m
      at constructor (D:\ScriptWeaver\node_modules\@babel\parser\lib\index.js:365:19)
      at TypeScriptParserMixin.raise (D:\ScriptWeaver\node_modules\@babel\parser\lib\index.js:6616:19)
      at TypeScriptParserMixin.unexpected (D:\ScriptWeaver\node_modules\@babel\parser\lib\index.js:6636:16)
      at TypeScriptParserMixin.expect (D:\ScriptWeaver\node_modules\@babel\parser\lib\index.js:6916:12)
      at TypeScriptParserMixin.parseParenAndDistinguishExpression (D:\ScriptWeaver\node_modules\@babel\parser\lib\index.js:11678:14)
      at TypeScriptParserMixin.parseExprAtom (D:\ScriptWeaver\node_modules\@babel\parser\lib\index.js:11348:23)
      at TypeScriptParserMixin.parseExprAtom (D:\ScriptWeaver\node_modules\@babel\parser\lib\index.js:4776:20)
      at TypeScriptParserMixin.parseExprSubscripts (D:\ScriptWeaver\node_modules\@babel\parser\lib\index.js:11098:23)
      at TypeScriptParserMixin.parseUpdate (D:\ScriptWeaver\node_modules\@babel\parser\lib\index.js:11083:21)
      at TypeScriptParserMixin.parseMaybeUnary (D:\ScriptWeaver\node_modules\@babel\parser\lib\index.js:11063:23)
      at TypeScriptParserMixin.parseMaybeUnary (D:\ScriptWeaver\node_modules\@babel\parser\lib\index.js:9854:18)
      at TypeScriptParserMixin.parseMaybeUnaryOrPrivate (D:\ScriptWeaver\node_modules\@babel\parser\lib\index.js:10916:61)
      at TypeScriptParserMixin.parseExprOps (D:\ScriptWeaver\node_modules\@babel\parser\lib\index.js:10921:23)
      at TypeScriptParserMixin.parseMaybeConditional (D:\ScriptWeaver\node_modules\@babel\parser\lib\index.js:10898:23)
      at TypeScriptParserMixin.parseMaybeAssign (D:\ScriptWeaver\node_modules\@babel\parser\lib\index.js:10848:21)
      at TypeScriptParserMixin.parseMaybeAssign (D:\ScriptWeaver\node_modules\@babel\parser\lib\index.js:9803:20)
      at TypeScriptParserMixin.parseExpressionBase (D:\ScriptWeaver\node_modules\@babel\parser\lib\index.js:10801:23)
      at D:\ScriptWeaver\node_modules\@babel\parser\lib\index.js:10797:39
      at TypeScriptParserMixin.allowInAnd (D:\ScriptWeaver\node_modules\@babel\parser\lib\index.js:12438:16)
      at TypeScriptParserMixin.parseExpression (D:\ScriptWeaver\node_modules\@babel\parser\lib\index.js:10797:17)
      at TypeScriptParserMixin.parseReturnStatement (D:\ScriptWeaver\node_modules\@babel\parser\lib\index.js:13159:28)
      at TypeScriptParserMixin.parseStatementContent (D:\ScriptWeaver\node_modules\@babel\parser\lib\index.js:12815:21)
      at TypeScriptParserMixin.parseStatementContent (D:\ScriptWeaver\node_modules\@babel\parser\lib\index.js:9525:18)
      at TypeScriptParserMixin.parseStatementLike (D:\ScriptWeaver\node_modules\@babel\parser\lib\index.js:12784:17)
      at TypeScriptParserMixin.parseStatementListItem (D:\ScriptWeaver\node_modules\@babel\parser\lib\index.js:12764:17)
      at TypeScriptParserMixin.parseBlockOrModuleBlockBody (D:\ScriptWeaver\node_modules\@babel\parser\lib\index.js:13333:61)
      at TypeScriptParserMixin.parseBlockBody (D:\ScriptWeaver\node_modules\@babel\parser\lib\index.js:13326:10)
      at TypeScriptParserMixin.parseBlock (D:\ScriptWeaver\node_modules\@babel\parser\lib\index.js:13314:10)
      at TypeScriptParserMixin.parseFunctionBody (D:\ScriptWeaver\node_modules\@babel\parser\lib\index.js:12117:24)
      at TypeScriptParserMixin.parseFunctionBodyAndFinish (D:\ScriptWeaver\node_modules\@babel\parser\lib\index.js:12103:10)
      at TypeScriptParserMixin.parseFunctionBodyAndFinish (D:\ScriptWeaver\node_modules\@babel\parser\lib\index.js:9189:18)
      at D:\ScriptWeaver\node_modules\@babel\parser\lib\index.js:13462:12
      at TypeScriptParserMixin.withSmartMixTopicForbiddingContext (D:\ScriptWeaver\node_modules\@babel\parser\lib\index.js:12420:14)
      at TypeScriptParserMixin.parseFunction (D:\ScriptWeaver\node_modules\@babel\parser\lib\index.js:13461:10)
      at TypeScriptParserMixin.parseExportDefaultExpression (D:\ScriptWeaver\node_modules\@babel\parser\lib\index.js:13924:19)
      at TypeScriptParserMixin.parseExportDefaultExpression (D:\ScriptWeaver\node_modules\@babel\parser\lib\index.js:9419:18)
      at TypeScriptParserMixin.parseExport (D:\ScriptWeaver\node_modules\@babel\parser\lib\index.js:13845:25)
      at TypeScriptParserMixin.parseExport (D:\ScriptWeaver\node_modules\@babel\parser\lib\index.js:9402:20)
      at TypeScriptParserMixin.parseStatementContent (D:\ScriptWeaver\node_modules\@babel\parser\lib\index.js:12895:27)
      at TypeScriptParserMixin.parseStatementContent (D:\ScriptWeaver\node_modules\@babel\parser\lib\index.js:9525:18)
      at TypeScriptParserMixin.parseStatementLike (D:\ScriptWeaver\node_modules\@babel\parser\lib\index.js:12784:17)
      at TypeScriptParserMixin.parseModuleItem (D:\ScriptWeaver\node_modules\@babel\parser\lib\index.js:12761:17)
      at TypeScriptParserMixin.parseBlockOrModuleBlockBody (D:\ScriptWeaver\node_modules\@babel\parser\lib\index.js:13333:36)
      at TypeScriptParserMixin.parseBlockBody (D:\ScriptWeaver\node_modules\@babel\parser\lib\index.js:13326:10)
      at TypeScriptParserMixin.parseProgram (D:\ScriptWeaver\node_modules\@babel\parser\lib\index.js:12639:10)
      at TypeScriptParserMixin.parseTopLevel (D:\ScriptWeaver\node_modules\@babel\parser\lib\index.js:12629:25)
      at TypeScriptParserMixin.parse (D:\ScriptWeaver\node_modules\@babel\parser\lib\index.js:14505:25)
      at TypeScriptParserMixin.parse (D:\ScriptWeaver\node_modules\@babel\parser\lib\index.js:10143:18)
      at parse (D:\ScriptWeaver\node_modules\@babel\parser\lib\index.js:14539:38)
      at parser (D:\ScriptWeaver\node_modules\@babel\core\lib\parser\index.js:41:34)
[2m04:32:43[22m [31m[1m[vite][22m[39m [31mInternal server error: D:\ScriptWeaver\src\components\layout\CharacterManager.tsx: Unexpected token (368:0)

[0m [90m 366 |[31m   onChange[33m,[31m
 [90m 367 |[31m   readOnly[33m,[31m
[31m[1m>[22m[31m[90m 368 |[31m }[33m:[31m {
 [90m     |[31m [31m[1m^[22m[31m
 [90m 369 |[31m   label[33m:[31m string
 [90m 370 |[31m   value[33m:[31m string
 [90m 371 |[31m   onChange[33m?[31m[33m:[31m (v[33m:[31m string) [33m=>[31m [36mvoid[31m[0m[39m
  Plugin: [35mvite:react-babel[39m
  File: [36mD:/ScriptWeaver/src/components/layout/CharacterManager.tsx[39m:368:0
[33m  380|          onChange={(e) => onChange?.(e.target.value)}
  381|          className={readOnly ? 'text-fg-faint' : ''}
  382|        />
     |   ^
  383|      </div>
  384|    )[39m
      at constructor (D:\ScriptWeaver\node_modules\@babel\parser\lib\index.js:365:19)
      at TypeScriptParserMixin.raise (D:\ScriptWeaver\node_modules\@babel\parser\lib\index.js:6616:19)
      at TypeScriptParserMixin.unexpected (D:\ScriptWeaver\node_modules\@babel\parser\lib\index.js:6636:16)
      at TypeScriptParserMixin.parseExprAtom (D:\ScriptWeaver\node_modules\@babel\parser\lib\index.js:11459:22)
      at TypeScriptParserMixin.parseExprAtom (D:\ScriptWeaver\node_modules\@babel\parser\lib\index.js:4776:20)
      at TypeScriptParserMixin.parseExprSubscripts (D:\ScriptWeaver\node_modules\@babel\parser\lib\index.js:11098:23)
      at TypeScriptParserMixin.parseUpdate (D:\ScriptWeaver\node_modules\@babel\parser\lib\index.js:11083:21)
      at TypeScriptParserMixin.parseMaybeUnary (D:\ScriptWeaver\node_modules\@babel\parser\lib\index.js:11063:23)
      at TypeScriptParserMixin.parseMaybeUnary (D:\ScriptWeaver\node_modules\@babel\parser\lib\index.js:9854:18)
      at TypeScriptParserMixin.parseMaybeUnaryOrPrivate (D:\ScriptWeaver\node_modules\@babel\parser\lib\index.js:10916:61)
      at TypeScriptParserMixin.parseExprOps (D:\ScriptWeaver\node_modules\@babel\parser\lib\index.js:10921:23)
      at TypeScriptParserMixin.parseMaybeConditional (D:\ScriptWeaver\node_modules\@babel\parser\lib\index.js:10898:23)
      at TypeScriptParserMixin.parseMaybeAssign (D:\ScriptWeaver\node_modules\@babel\parser\lib\index.js:10848:21)
      at TypeScriptParserMixin.parseMaybeAssign (D:\ScriptWeaver\node_modules\@babel\parser\lib\index.js:9803:20)
      at TypeScriptParserMixin.parseExpressionBase (D:\ScriptWeaver\node_modules\@babel\parser\lib\index.js:10806:36)
      at D:\ScriptWeaver\node_modules\@babel\parser\lib\index.js:10797:39
      at TypeScriptParserMixin.allowInAnd (D:\ScriptWeaver\node_modules\@babel\parser\lib\index.js:12443:12)
      at TypeScriptParserMixin.parseExpression (D:\ScriptWeaver\node_modules\@babel\parser\lib\index.js:10797:17)
      at TypeScriptParserMixin.jsxParseExpressionContainer (D:\ScriptWeaver\node_modules\@babel\parser\lib\index.js:4644:31)
      at TypeScriptParserMixin.jsxParseElementAt (D:\ScriptWeaver\node_modules\@babel\parser\lib\index.js:4723:36)
      at TypeScriptParserMixin.jsxParseElement (D:\ScriptWeaver\node_modules\@babel\parser\lib\index.js:4761:17)
      at TypeScriptParserMixin.parseExprAtom (D:\ScriptWeaver\node_modules\@babel\parser\lib\index.js:4771:19)
      at TypeScriptParserMixin.parseExprSubscripts (D:\ScriptWeaver\node_modules\@babel\parser\lib\index.js:11098:23)
      at TypeScriptParserMixin.parseUpdate (D:\ScriptWeaver\node_modules\@babel\parser\lib\index.js:11083:21)
      at TypeScriptParserMixin.parseMaybeUnary (D:\ScriptWeaver\node_modules\@babel\parser\lib\index.js:11063:23)
      at TypeScriptParserMixin.parseMaybeUnary (D:\ScriptWeaver\node_modules\@babel\parser\lib\index.js:9854:18)
      at TypeScriptParserMixin.parseMaybeUnaryOrPrivate (D:\ScriptWeaver\node_modules\@babel\parser\lib\index.js:10916:61)
      at TypeScriptParserMixin.parseExprOps (D:\ScriptWeaver\node_modules\@babel\parser\lib\index.js:10921:23)
      at TypeScriptParserMixin.parseMaybeConditional (D:\ScriptWeaver\node_modules\@babel\parser\lib\index.js:10898:23)
      at TypeScriptParserMixin.parseMaybeAssign (D:\ScriptWeaver\node_modules\@babel\parser\lib\index.js:10848:21)
      at D:\ScriptWeaver\node_modules\@babel\parser\lib\index.js:9792:39
      at TypeScriptParserMixin.tryParse (D:\ScriptWeaver\node_modules\@babel\parser\lib\index.js:6924:20)
      at TypeScriptParserMixin.parseMaybeAssign (D:\ScriptWeaver\node_modules\@babel\parser\lib\index.js:9792:18)
      at D:\ScriptWeaver\node_modules\@babel\parser\lib\index.js:10817:39
      at TypeScriptParserMixin.allowInAnd (D:\ScriptWeaver\node_modules\@babel\parser\lib\index.js:12443:12)
      at TypeScriptParserMixin.parseMaybeAssignAllowIn (D:\ScriptWeaver\node_modules\@babel\parser\lib\index.js:10817:17)
      at TypeScriptParserMixin.parseMaybeAssignAllowInOrVoidPattern (D:\ScriptWeaver\node_modules\@babel\parser\lib\index.js:12510:17)
      at TypeScriptParserMixin.parseParenAndDistinguishExpression (D:\ScriptWeaver\node_modules\@babel\parser\lib\index.js:11692:28)
      at TypeScriptParserMixin.parseExprAtom (D:\ScriptWeaver\node_modules\@babel\parser\lib\index.js:11348:23)
      at TypeScriptParserMixin.parseExprAtom (D:\ScriptWeaver\node_modules\@babel\parser\lib\index.js:4776:20)
      at TypeScriptParserMixin.parseExprSubscripts (D:\ScriptWeaver\node_modules\@babel\parser\lib\index.js:11098:23)
      at TypeScriptParserMixin.parseUpdate (D:\ScriptWeaver\node_modules\@babel\parser\lib\index.js:11083:21)
      at TypeScriptParserMixin.parseMaybeUnary (D:\ScriptWeaver\node_modules\@babel\parser\lib\index.js:11063:23)
      at TypeScriptParserMixin.parseMaybeUnary (D:\ScriptWeaver\node_modules\@babel\parser\lib\index.js:9854:18)
      at TypeScriptParserMixin.parseMaybeUnaryOrPrivate (D:\ScriptWeaver\node_modules\@babel\parser\lib\index.js:10916:61)
      at TypeScriptParserMixin.parseExprOps (D:\ScriptWeaver\node_modules\@babel\parser\lib\index.js:10921:23)
      at TypeScriptParserMixin.parseMaybeConditional (D:\ScriptWeaver\node_modules\@babel\parser\lib\index.js:10898:23)
      at TypeScriptParserMixin.parseMaybeAssign (D:\ScriptWeaver\node_modules\@babel\parser\lib\index.js:10848:21)
      at TypeScriptParserMixin.parseMaybeAssign (D:\ScriptWeaver\node_modules\@babel\parser\lib\index.js:9803:20)
      at TypeScriptParserMixin.parseExpressionBase (D:\ScriptWeaver\node_modules\@babel\parser\lib\index.js:10801:23)
[2m04:32:43[22m [31m[1m[vite][22m[39m [31mInternal server error: D:\ScriptWeaver\src\components\layout\CharacterManager.tsx: Unexpected token (368:0)

[0m [90m 366 |[31m   onChange[33m,[31m
 [90m 367 |[31m   readOnly[33m,[31m
[31m[1m>[22m[31m[90m 368 |[31m }[33m:[31m {
 [90m     |[31m [31m[1m^[22m[31m
 [90m 369 |[31m   label[33m:[31m string
 [90m 370 |[31m   value[33m:[31m string
 [90m 371 |[31m   onChange[33m?[31m[33m:[31m (v[33m:[31m string) [33m=>[31m [36mvoid[31m[0m[39m
  Plugin: [35mvite:react-babel[39m
  File: [36mD:/ScriptWeaver/src/components/layout/CharacterManager.tsx[39m:368:0
[33m  380|          onChange={(e) => onChange?.(e.target.value)}
  381|          className={readOnly ? 'text-fg-faint' : ''}
  382|        />
     |   ^
  383|      </div>
  384|    )[39m
      at constructor (D:\ScriptWeaver\node_modules\@babel\parser\lib\index.js:365:19)
      at TypeScriptParserMixin.raise (D:\ScriptWeaver\node_modules\@babel\parser\lib\index.js:6616:19)
      at TypeScriptParserMixin.unexpected (D:\ScriptWeaver\node_modules\@babel\parser\lib\index.js:6636:16)
      at TypeScriptParserMixin.parseExprAtom (D:\ScriptWeaver\node_modules\@babel\parser\lib\index.js:11459:22)
      at TypeScriptParserMixin.parseExprAtom (D:\ScriptWeaver\node_modules\@babel\parser\lib\index.js:4776:20)
      at TypeScriptParserMixin.parseExprSubscripts (D:\ScriptWeaver\node_modules\@babel\parser\lib\index.js:11098:23)
      at TypeScriptParserMixin.parseUpdate (D:\ScriptWeaver\node_modules\@babel\parser\lib\index.js:11083:21)
      at TypeScriptParserMixin.parseMaybeUnary (D:\ScriptWeaver\node_modules\@babel\parser\lib\index.js:11063:23)
      at TypeScriptParserMixin.parseMaybeUnary (D:\ScriptWeaver\node_modules\@babel\parser\lib\index.js:9854:18)
      at TypeScriptParserMixin.parseMaybeUnaryOrPrivate (D:\ScriptWeaver\node_modules\@babel\parser\lib\index.js:10916:61)
      at TypeScriptParserMixin.parseExprOps (D:\ScriptWeaver\node_modules\@babel\parser\lib\index.js:10921:23)
      at TypeScriptParserMixin.parseMaybeConditional (D:\ScriptWeaver\node_modules\@babel\parser\lib\index.js:10898:23)
      at TypeScriptParserMixin.parseMaybeAssign (D:\ScriptWeaver\node_modules\@babel\parser\lib\index.js:10848:21)
      at TypeScriptParserMixin.parseMaybeAssign (D:\ScriptWeaver\node_modules\@babel\parser\lib\index.js:9803:20)
      at TypeScriptParserMixin.parseExpressionBase (D:\ScriptWeaver\node_modules\@babel\parser\lib\index.js:10806:36)
      at D:\ScriptWeaver\node_modules\@babel\parser\lib\index.js:10797:39
      at TypeScriptParserMixin.allowInAnd (D:\ScriptWeaver\node_modules\@babel\parser\lib\index.js:12443:12)
      at TypeScriptParserMixin.parseExpression (D:\ScriptWeaver\node_modules\@babel\parser\lib\index.js:10797:17)
      at TypeScriptParserMixin.jsxParseExpressionContainer (D:\ScriptWeaver\node_modules\@babel\parser\lib\index.js:4644:31)
      at TypeScriptParserMixin.jsxParseElementAt (D:\ScriptWeaver\node_modules\@babel\parser\lib\index.js:4723:36)
      at TypeScriptParserMixin.jsxParseElement (D:\ScriptWeaver\node_modules\@babel\parser\lib\index.js:4761:17)
      at TypeScriptParserMixin.parseExprAtom (D:\ScriptWeaver\node_modules\@babel\parser\lib\index.js:4771:19)
      at TypeScriptParserMixin.parseExprSubscripts (D:\ScriptWeaver\node_modules\@babel\parser\lib\index.js:11098:23)
      at TypeScriptParserMixin.parseUpdate (D:\ScriptWeaver\node_modules\@babel\parser\lib\index.js:11083:21)
      at TypeScriptParserMixin.parseMaybeUnary (D:\ScriptWeaver\node_modules\@babel\parser\lib\index.js:11063:23)
      at TypeScriptParserMixin.parseMaybeUnary (D:\ScriptWeaver\node_modules\@babel\parser\lib\index.js:9854:18)
      at TypeScriptParserMixin.parseMaybeUnaryOrPrivate (D:\ScriptWeaver\node_modules\@babel\parser\lib\index.js:10916:61)
      at TypeScriptParserMixin.parseExprOps (D:\ScriptWeaver\node_modules\@babel\parser\lib\index.js:10921:23)
      at TypeScriptParserMixin.parseMaybeConditional (D:\ScriptWeaver\node_modules\@babel\parser\lib\index.js:10898:23)
      at TypeScriptParserMixin.parseMaybeAssign (D:\ScriptWeaver\node_modules\@babel\parser\lib\index.js:10848:21)
      at D:\ScriptWeaver\node_modules\@babel\parser\lib\index.js:9792:39
      at TypeScriptParserMixin.tryParse (D:\ScriptWeaver\node_modules\@babel\parser\lib\index.js:6924:20)
      at TypeScriptParserMixin.parseMaybeAssign (D:\ScriptWeaver\node_modules\@babel\parser\lib\index.js:9792:18)
      at D:\ScriptWeaver\node_modules\@babel\parser\lib\index.js:10817:39
      at TypeScriptParserMixin.allowInAnd (D:\ScriptWeaver\node_modules\@babel\parser\lib\index.js:12443:12)
      at TypeScriptParserMixin.parseMaybeAssignAllowIn (D:\ScriptWeaver\node_modules\@babel\parser\lib\index.js:10817:17)
      at TypeScriptParserMixin.parseMaybeAssignAllowInOrVoidPattern (D:\ScriptWeaver\node_modules\@babel\parser\lib\index.js:12510:17)
      at TypeScriptParserMixin.parseParenAndDistinguishExpression (D:\ScriptWeaver\node_modules\@babel\parser\lib\index.js:11692:28)
      at TypeScriptParserMixin.parseExprAtom (D:\ScriptWeaver\node_modules\@babel\parser\lib\index.js:11348:23)
      at TypeScriptParserMixin.parseExprAtom (D:\ScriptWeaver\node_modules\@babel\parser\lib\index.js:4776:20)
      at TypeScriptParserMixin.parseExprSubscripts (D:\ScriptWeaver\node_modules\@babel\parser\lib\index.js:11098:23)
      at TypeScriptParserMixin.parseUpdate (D:\ScriptWeaver\node_modules\@babel\parser\lib\index.js:11083:21)
      at TypeScriptParserMixin.parseMaybeUnary (D:\ScriptWeaver\node_modules\@babel\parser\lib\index.js:11063:23)
      at TypeScriptParserMixin.parseMaybeUnary (D:\ScriptWeaver\node_modules\@babel\parser\lib\index.js:9854:18)
      at TypeScriptParserMixin.parseMaybeUnaryOrPrivate (D:\ScriptWeaver\node_modules\@babel\parser\lib\index.js:10916:61)
      at TypeScriptParserMixin.parseExprOps (D:\ScriptWeaver\node_modules\@babel\parser\lib\index.js:10921:23)
      at TypeScriptParserMixin.parseMaybeConditional (D:\ScriptWeaver\node_modules\@babel\parser\lib\index.js:10898:23)
      at TypeScriptParserMixin.parseMaybeAssign (D:\ScriptWeaver\node_modules\@babel\parser\lib\index.js:10848:21)
      at TypeScriptParserMixin.parseMaybeAssign (D:\ScriptWeaver\node_modules\@babel\parser\lib\index.js:9803:20)
      at TypeScriptParserMixin.parseExpressionBase (D:\ScriptWeaver\node_modules\@babel\parser\lib\index.js:10801:23)
[2m04:32:53[22m [31m[1m[vite][22m[39m Pre-transform error: D:\ScriptWeaver\src\components\layout\CharacterManager.tsx: Unexpected token (368:0)

[0m [90m 366 |[39m   onChange[33m,[39m
 [90m 367 |[39m   readOnly[33m,[39m
[31m[1m>[22m[39m[90m 368 |[39m }[33m:[39m {
 [90m     |[39m [31m[1m^[22m[39m
 [90m 369 |[39m   label[33m:[39m string
 [90m 370 |[39m   value[33m:[39m string
 [90m 371 |[39m   onChange[33m?[39m[33m:[39m (v[33m:[39m string) [33m=>[39m [36mvoid[39m[0m
[2m04:32:53[22m [31m[1m[vite][22m[39m [31mInternal server error: D:\ScriptWeaver\src\components\layout\CharacterManager.tsx: Unexpected token (368:0)

[0m [90m 366 |[31m   onChange[33m,[31m
 [90m 367 |[31m   readOnly[33m,[31m
[31m[1m>[22m[31m[90m 368 |[31m }[33m:[31m {
 [90m     |[31m [31m[1m^[22m[31m
 [90m 369 |[31m   label[33m:[31m string
 [90m 370 |[31m   value[33m:[31m string
 [90m 371 |[31m   onChange[33m?[31m[33m:[31m (v[33m:[31m string) [33m=>[31m [36mvoid[31m[0m[39m
  Plugin: [35mvite:react-babel[39m
  File: [36mD:/ScriptWeaver/src/components/layout/CharacterManager.tsx[39m:368:0
[33m  380|          onChange={(e) => onChange?.(e.target.value)}
  381|          className={readOnly ? 'text-fg-faint' : ''}
  382|        />
     |   ^
  383|      </div>
  384|    )[39m
      at constructor (D:\ScriptWeaver\node_modules\@babel\parser\lib\index.js:365:19)
      at TypeScriptParserMixin.raise (D:\ScriptWeaver\node_modules\@babel\parser\lib\index.js:6616:19)
      at TypeScriptParserMixin.unexpected (D:\ScriptWeaver\node_modules\@babel\parser\lib\index.js:6636:16)
      at TypeScriptParserMixin.parseExprAtom (D:\ScriptWeaver\node_modules\@babel\parser\lib\index.js:11459:22)
      at TypeScriptParserMixin.parseExprAtom (D:\ScriptWeaver\node_modules\@babel\parser\lib\index.js:4776:20)
      at TypeScriptParserMixin.parseExprSubscripts (D:\ScriptWeaver\node_modules\@babel\parser\lib\index.js:11098:23)
      at TypeScriptParserMixin.parseUpdate (D:\ScriptWeaver\node_modules\@babel\parser\lib\index.js:11083:21)
      at TypeScriptParserMixin.parseMaybeUnary (D:\ScriptWeaver\node_modules\@babel\parser\lib\index.js:11063:23)
      at TypeScriptParserMixin.parseMaybeUnary (D:\ScriptWeaver\node_modules\@babel\parser\lib\index.js:9854:18)
      at TypeScriptParserMixin.parseMaybeUnaryOrPrivate (D:\ScriptWeaver\node_modules\@babel\parser\lib\index.js:10916:61)
      at TypeScriptParserMixin.parseExprOps (D:\ScriptWeaver\node_modules\@babel\parser\lib\index.js:10921:23)
      at TypeScriptParserMixin.parseMaybeConditional (D:\ScriptWeaver\node_modules\@babel\parser\lib\index.js:10898:23)
      at TypeScriptParserMixin.parseMaybeAssign (D:\ScriptWeaver\node_modules\@babel\parser\lib\index.js:10848:21)
      at TypeScriptParserMixin.parseMaybeAssign (D:\ScriptWeaver\node_modules\@babel\parser\lib\index.js:9803:20)
      at TypeScriptParserMixin.parseExpressionBase (D:\ScriptWeaver\node_modules\@babel\parser\lib\index.js:10806:36)
      at D:\ScriptWeaver\node_modules\@babel\parser\lib\index.js:10797:39
      at TypeScriptParserMixin.allowInAnd (D:\ScriptWeaver\node_modules\@babel\parser\lib\index.js:12443:12)
      at TypeScriptParserMixin.parseExpression (D:\ScriptWeaver\node_modules\@babel\parser\lib\index.js:10797:17)
      at TypeScriptParserMixin.jsxParseExpressionContainer (D:\ScriptWeaver\node_modules\@babel\parser\lib\index.js:4644:31)
      at TypeScriptParserMixin.jsxParseElementAt (D:\ScriptWeaver\node_modules\@babel\parser\lib\index.js:4723:36)
      at TypeScriptParserMixin.jsxParseElement (D:\ScriptWeaver\node_modules\@babel\parser\lib\index.js:4761:17)
      at TypeScriptParserMixin.parseExprAtom (D:\ScriptWeaver\node_modules\@babel\parser\lib\index.js:4771:19)
      at TypeScriptParserMixin.parseExprSubscripts (D:\ScriptWeaver\node_modules\@babel\parser\lib\index.js:11098:23)
      at TypeScriptParserMixin.parseUpdate (D:\ScriptWeaver\node_modules\@babel\parser\lib\index.js:11083:21)
      at TypeScriptParserMixin.parseMaybeUnary (D:\ScriptWeaver\node_modules\@babel\parser\lib\index.js:11063:23)
      at TypeScriptParserMixin.parseMaybeUnary (D:\ScriptWeaver\node_modules\@babel\parser\lib\index.js:9854:18)
      at TypeScriptParserMixin.parseMaybeUnaryOrPrivate (D:\ScriptWeaver\node_modules\@babel\parser\lib\index.js:10916:61)
      at TypeScriptParserMixin.parseExprOps (D:\ScriptWeaver\node_modules\@babel\parser\lib\index.js:10921:23)
      at TypeScriptParserMixin.parseMaybeConditional (D:\ScriptWeaver\node_modules\@babel\parser\lib\index.js:10898:23)
      at TypeScriptParserMixin.parseMaybeAssign (D:\ScriptWeaver\node_modules\@babel\parser\lib\index.js:10848:21)
      at D:\ScriptWeaver\node_modules\@babel\parser\lib\index.js:9792:39
      at TypeScriptParserMixin.tryParse (D:\ScriptWeaver\node_modules\@babel\parser\lib\index.js:6924:20)
      at TypeScriptParserMixin.parseMaybeAssign (D:\ScriptWeaver\node_modules\@babel\parser\lib\index.js:9792:18)
      at D:\ScriptWeaver\node_modules\@babel\parser\lib\index.js:10817:39
      at TypeScriptParserMixin.allowInAnd (D:\ScriptWeaver\node_modules\@babel\parser\lib\index.js:12443:12)
      at TypeScriptParserMixin.parseMaybeAssignAllowIn (D:\ScriptWeaver\node_modules\@babel\parser\lib\index.js:10817:17)
      at TypeScriptParserMixin.parseMaybeAssignAllowInOrVoidPattern (D:\ScriptWeaver\node_modules\@babel\parser\lib\index.js:12510:17)
      at TypeScriptParserMixin.parseParenAndDistinguishExpression (D:\ScriptWeaver\node_modules\@babel\parser\lib\index.js:11692:28)
      at TypeScriptParserMixin.parseExprAtom (D:\ScriptWeaver\node_modules\@babel\parser\lib\index.js:11348:23)
      at TypeScriptParserMixin.parseExprAtom (D:\ScriptWeaver\node_modules\@babel\parser\lib\index.js:4776:20)
      at TypeScriptParserMixin.parseExprSubscripts (D:\ScriptWeaver\node_modules\@babel\parser\lib\index.js:11098:23)
      at TypeScriptParserMixin.parseUpdate (D:\ScriptWeaver\node_modules\@babel\parser\lib\index.js:11083:21)
      at TypeScriptParserMixin.parseMaybeUnary (D:\ScriptWeaver\node_modules\@babel\parser\lib\index.js:11063:23)
      at TypeScriptParserMixin.parseMaybeUnary (D:\ScriptWeaver\node_modules\@babel\parser\lib\index.js:9854:18)
      at TypeScriptParserMixin.parseMaybeUnaryOrPrivate (D:\ScriptWeaver\node_modules\@babel\parser\lib\index.js:10916:61)
      at TypeScriptParserMixin.parseExprOps (D:\ScriptWeaver\node_modules\@babel\parser\lib\index.js:10921:23)
      at TypeScriptParserMixin.parseMaybeConditional (D:\ScriptWeaver\node_modules\@babel\parser\lib\index.js:10898:23)
      at TypeScriptParserMixin.parseMaybeAssign (D:\ScriptWeaver\node_modules\@babel\parser\lib\index.js:10848:21)
      at TypeScriptParserMixin.parseMaybeAssign (D:\ScriptWeaver\node_modules\@babel\parser\lib\index.js:9803:20)
      at TypeScriptParserMixin.parseExpressionBase (D:\ScriptWeaver\node_modules\@babel\parser\lib\index.js:10801:23)
