
> scriptweaver@0.1.0 dev
> vite

[36mvite v5.4.21 [32mbuilding for development...[36m[39m
[36m
watching for file changes...[39m
[36mvite v5.4.21 [32mbuilding for development...[36m[39m
[36m
watching for file changes...[39m
[36m
build started...[39m
[36m
build started...[39m

  [32m[1mVITE[22m v5.4.21[39m  [2mready in [0m[1m524[22m[2m[0m ms[22m

  [32m➜[39m  [1mLocal[22m:   [36mhttp://localhost:[1m5173[22m/[39m
[2m  [32m➜[39m  [1mNetwork[22m[2m: use [22m[1m--host[22m[2m to expose[22m
transforming...
transforming...
[32m✓[39m 1 modules transformed.
[32m✓[39m 1 modules transformed.
rendering chunks...
rendering chunks...
computing gzip size...
computing gzip size...
[2mdist-electron/[22m[36mpreload.js  [39m[1m[2m1.19 kB[22m[1m[22m[2m │ gzip: 0.67 kB[22m
[36mbuilt in 677ms.[39m
[2mdist-electron/[22m[36mmain.js  [39m[1m[2m8.50 kB[22m[1m[22m[2m │ gzip: 2.49 kB[22m
[36mbuilt in 682ms.[39m

[2m05:15:21[22m [36m[1m[vite][22m[39m [32mhmr update [39m[2m/src/components/layout/ScriptOverview.tsx, /src/index.css[22m
[2m05:15:26[22m [36m[1m[vite][22m[39m [32mhmr update [39m[2m/src/components/layout/ScriptOverview.tsx, /src/index.css[22m
[2m05:15:29[22m [36m[1m[vite][22m[39m [32mhmr update [39m[2m/src/components/layout/ScriptOverview.tsx, /src/index.css[22m
